Log file open, 04/18/18 22:44:25
LogWindows: Failed to load 'aqProf.dll' (GetLastError=126)
LogWindows: File 'aqProf.dll' does not exist
LogWindows: Failed to load 'VtuneApi.dll' (GetLastError=126)
LogWindows: File 'VtuneApi.dll' does not exist
LogWindows: Failed to load 'VtuneApi32e.dll' (GetLastError=126)
LogWindows: File 'VtuneApi32e.dll' does not exist
LogInit: Display: Running engine for game: FpsRobotgame
LogPlatformFile: Not using cached read wrapper
LogInit: Display: RandInit(-652719446) SRandInit(-652719446).
LogTaskGraph: Started task graph with 5 named threads and 14 total threads with 3 sets of task threads.
LogStats: Stats thread started at 0.182062
LogD3D11RHI: Aftermath initialized
LogPluginManager: Mounting plugin Paper2D
LogPluginManager: Mounting plugin LightPropagationVolume
LogPluginManager: Mounting plugin CodeLiteSourceCodeAccess
LogPluginManager: Mounting plugin GitSourceControl
LogPluginManager: Mounting plugin KDevelopSourceCodeAccess
LogPluginManager: Mounting plugin NullSourceCodeAccess
LogPluginManager: Mounting plugin PerforceSourceControl
LogPluginManager: Mounting plugin SubversionSourceControl
LogPluginManager: Mounting plugin UObjectPlugin
LogPluginManager: Mounting plugin VisualStudioSourceCodeAccess
LogPluginManager: Mounting plugin XCodeSourceCodeAccess
LogPluginManager: Mounting plugin AssetManagerEditor
LogPluginManager: Mounting plugin AudioCapture
LogPluginManager: Mounting plugin FacialAnimation
LogPluginManager: Mounting plugin GameplayTagsEditor
LogPluginManager: Mounting plugin MobileLauncherProfileWizard
LogPluginManager: Mounting plugin PluginBrowser
LogPluginManager: Mounting plugin SpeedTreeImporter
LogPluginManager: Mounting plugin AlembicImporter
LogPluginManager: Mounting plugin CharacterAI
LogPluginManager: Mounting plugin HTML5Networking
LogPluginManager: Mounting plugin AndroidMedia
LogPluginManager: Mounting plugin AvfMedia
LogPluginManager: Mounting plugin MediaPlayerEditor
LogPluginManager: Mounting plugin WmfMedia
LogPluginManager: Mounting plugin TcpMessaging
LogPluginManager: Mounting plugin UdpMessaging
LogPluginManager: Mounting plugin LevelSequenceEditor
LogPluginManager: Mounting plugin MatineeToLevelSequence
LogPluginManager: Mounting plugin OnlineSubsystemGooglePlay
LogPluginManager: Mounting plugin OnlineSubsystemIOS
LogPluginManager: Mounting plugin OnlineSubsystem
LogPluginManager: Mounting plugin OnlineSubsystemNull
LogPluginManager: Mounting plugin OnlineSubsystemUtils
LogPluginManager: Mounting plugin AndroidDeviceProfileSelector
LogPluginManager: Mounting plugin AndroidMoviePlayer
LogPluginManager: Mounting plugin AndroidPermission
LogPluginManager: Mounting plugin AppleMoviePlayer
LogPluginManager: Mounting plugin ArchVisCharacter
LogPluginManager: Mounting plugin CableComponent
LogPluginManager: Mounting plugin CustomMeshComponent
LogPluginManager: Mounting plugin ExampleDeviceProfileSelector
LogPluginManager: Mounting plugin GoogleCloudMessaging
LogPluginManager: Mounting plugin ImmediatePhysics
LogPluginManager: Mounting plugin IOSDeviceProfileSelector
LogPluginManager: Mounting plugin LinuxDeviceProfileSelector
LogPluginManager: Mounting plugin LocationServicesBPLibrary
LogPluginManager: Mounting plugin MobilePatchingUtils
LogPluginManager: Mounting plugin OculusVR
LogPluginManager: Mounting plugin PhysXVehicles
LogPluginManager: Mounting plugin ProceduralMeshComponent
LogPluginManager: Mounting plugin RuntimePhysXCooking
LogPluginManager: Mounting plugin SteamVR
LogPluginManager: Mounting plugin WindowsMoviePlayer
LogInit: Using libcurl 7.47.1
LogInit:  - built for x86_64-pc-win32
LogInit:  - supports SSL with OpenSSL/1.0.2g
LogInit:  - supports HTTP deflate (compression) using libz 1.2.8
LogInit:  - other features:
LogInit:      CURL_VERSION_SSL
LogInit:      CURL_VERSION_LIBZ
LogInit:      CURL_VERSION_IPV6
LogInit:      CURL_VERSION_ASYNCHDNS
LogInit:      CURL_VERSION_LARGEFILE
LogInit:      CURL_VERSION_IDN
LogInit:  CurlRequestOptions (configurable via config and command line):
LogInit:  - bVerifyPeer = false  - Libcurl will NOT verify peer certificate
LogInit:  - bUseHttpProxy = false  - Libcurl will NOT use HTTP proxy
LogInit:  - bDontReuseConnections = false  - Libcurl will reuse connections
LogInit:  - CertBundlePath = nullptr  - Libcurl will use whatever was configured at build time.
LogInit: Build: ++UE4+Release-4.17-CL-3658906
LogInit: Engine Version: 4.17.2-3658906+++UE4+Release-4.17
LogInit: Compatible Engine Version: 4.17.0-3573198+++UE4+Release-4.17
LogInit: Net CL: 3573198
LogDevObjectVersion: Number of dev versions registered: 16
LogDevObjectVersion:   Dev-Blueprints (B0D832E4-1F89-4F0D-ACCF-7EB736FD4AA2): 10
LogDevObjectVersion:   Dev-Build (E1C64328-A22C-4D53-A36C-8E866417BD8C): 0
LogDevObjectVersion:   Dev-Core (375EC13C-06E4-48FB-B500-84F0262A717E): 2
LogDevObjectVersion:   Dev-Editor (E4B068ED-F494-42E9-A231-DA0B2E46BB41): 20
LogDevObjectVersion:   Dev-Framework (CFFC743F-43B0-4480-9391-14DF171D2073): 28
LogDevObjectVersion:   Dev-Mobile (B02B49B5-BB20-44E9-A304-32B752E40360): 0
LogDevObjectVersion:   Dev-Networking (A4E4105C-59A1-49B5-A7C5-40C4547EDFEE): 0
LogDevObjectVersion:   Dev-Online (39C831C9-5AE6-47DC-9A44-9C173E1C8E7C): 0
LogDevObjectVersion:   Dev-Physics (78F01B33-EBEA-4F98-B9B4-84EACCB95AA2): 0
LogDevObjectVersion:   Dev-Platform (6631380F-2D4D-43E0-8009-CF276956A95A): 0
LogDevObjectVersion:   Dev-Rendering (12F88B9F-8875-4AFC-A67C-D90C383ABD29): 19
LogDevObjectVersion:   Dev-Sequencer (7B5AE74C-D270-4C10-A958-57980B212A5A): 4
LogDevObjectVersion:   Dev-VR (D7296918-1DD6-4BDD-9DE2-64A83CC13884): 0
LogDevObjectVersion:   Dev-LoadTimes (C2A15278-BFE7-4AFE-6C17-90FF531DF755): 1
LogDevObjectVersion:   Private-Geometry (6EACA3D4-40EC-4CC1-B786-8BED09428FC5): 1
LogDevObjectVersion:   Dev-AnimPhys (29E575DD-E0A3-4627-9D10-D276232CDCEA): 7
LogInit: Compiled (64-bit): Sep 22 2017 13:47:16
LogInit: Compiled with Visual C++: 19.00.24215.01
LogInit: Build Configuration: Development
LogInit: Branch Name: ++UE4+Release-4.17
LogInit: Command line: -EpicPortal 
LogInit: Base directory: C:/Program Files (x86)/Epic Games/UE_4.17/Engine/Binaries/Win64/
LogInit: Installed Engine Build: 1
LogInit: Presizing for max 8388607 objects, including 0 objects not considered by GC, pre-allocating 0 bytes for permanent pool.
LogInit: Object subsystem initialized
[2018.04.18-12.44.26:269][  0]LogInit: Selected Device Profile: [Windows]
[2018.04.18-12.44.26:269][  0]LogInit: Applying CVar settings loaded from the selected device profile: [Windows]
[2018.04.18-12.44.26:286][  0]LogInit: Computer: DESKTOP-LT914LN
[2018.04.18-12.44.26:286][  0]LogInit: User: VictorWeidar
[2018.04.18-12.44.26:286][  0]LogInit: CPU Page size=4096, Cores=4
[2018.04.18-12.44.26:286][  0]LogInit: High frequency timer resolution =2.531253 MHz
[2018.04.18-12.44.26:286][  0]LogMemory: Memory total: Physical=15.9GB (16GB approx)
[2018.04.18-12.44.26:286][  0]LogMemory: Platform Memory Stats for Windows
[2018.04.18-12.44.26:286][  0]LogMemory: Process Physical Memory: 277.77 MB used, 277.77 MB peak
[2018.04.18-12.44.26:286][  0]LogMemory: Process Virtual Memory: 274.28 MB used, 274.28 MB peak
[2018.04.18-12.44.26:286][  0]LogMemory: Physical Memory: 8222.97 MB used,  8096.84 MB free, 16319.81 MB total
[2018.04.18-12.44.26:286][  0]LogMemory: Virtual Memory: 707.22 MB used,  8096.84 MB free, 134217728.00 MB total
[2018.04.18-12.44.26:518][  0]LogInit: Using OS detected language (en-GB).
[2018.04.18-12.44.26:518][  0]LogInit: Using OS detected locale (en-AU).
[2018.04.18-12.44.26:529][  0]LogTextLocalizationManager: No specific localization for 'en-GB' exists, so the 'en' localization will be used.
[2018.04.18-12.44.27:542][  0]LogD3D11RHI: D3D11 adapters:
[2018.04.18-12.44.27:612][  0]LogD3D11RHI:    0. 'NVIDIA GeForce GTX 1060' (Feature Level 11_0)
[2018.04.18-12.44.27:612][  0]LogD3D11RHI:       6084/0/8159 MB DedicatedVideo/DedicatedSystem/SharedSystem, Outputs:1, VendorId:0x10de
[2018.04.18-12.44.27:615][  0]LogD3D11RHI:    1. 'Microsoft Basic Render Driver' (Feature Level 11_0)
[2018.04.18-12.44.27:615][  0]LogD3D11RHI:       0/0/8159 MB DedicatedVideo/DedicatedSystem/SharedSystem, Outputs:0, VendorId:0x1414
[2018.04.18-12.44.27:615][  0]LogD3D11RHI: Chosen D3D11 Adapter: 0
[2018.04.18-12.44.27:626][  0]LogD3D11RHI: Creating new Direct3DDevice
[2018.04.18-12.44.27:626][  0]LogD3D11RHI:     GPU DeviceId: 0x1c60 (for the marketing name, search the web for "GPU Device Id")
[2018.04.18-12.44.27:626][  0]LogWindows: EnumDisplayDevices:
[2018.04.18-12.44.27:626][  0]LogWindows:    0. 'NVIDIA GeForce GTX 1060' (P:1 D:1)
[2018.04.18-12.44.27:626][  0]LogWindows:    1. 'NVIDIA GeForce GTX 1060' (P:0 D:0)
[2018.04.18-12.44.27:627][  0]LogWindows:    2. 'NVIDIA GeForce GTX 1060' (P:0 D:0)
[2018.04.18-12.44.27:627][  0]LogWindows:    3. 'NVIDIA GeForce GTX 1060' (P:0 D:0)
[2018.04.18-12.44.27:627][  0]LogWindows: DebugString: GetVideoDriverDetailsInvalid PrimaryIsNotTheChoosenAdapter GetVideoDriverDetailsInvalid PrimaryIsNotTheChoosenAdapter GetVideoDriverDetailsInvalid PrimaryIsNotTheChoosenAdapter GetVideoDriverDetailsInvalid PrimaryIsNotTheChoosenAdapter FoundDriverCount:0 
[2018.04.18-12.44.27:627][  0]LogD3D11RHI:     Adapter Name: NVIDIA GeForce GTX 1060
[2018.04.18-12.44.27:627][  0]LogD3D11RHI:   Driver Version: Unknown (internal:Unknown, unified:Unknown)
[2018.04.18-12.44.27:627][  0]LogD3D11RHI:      Driver Date: Unknown
[2018.04.18-12.44.27:627][  0]LogRHI: Texture pool is 1361 MB (70% of 1945 MB)
[2018.04.18-12.44.27:663][  0]LogD3D11RHI: Async texture creation enabled
[2018.04.18-12.44.27:676][  0]LogD3D11RHI: GPU Timing Frequency: 1000.000000 (Debug: 2 1)
[2018.04.18-12.44.27:721][  0]LogShaderCompilers: Guid format shader working directory is -35 characters bigger than the processId version (../../../../../../Users/Victor Weidar/Desktop/GameDev/Scrapbot/FpsRobotgame/FpsRobotgame/Intermediate/Shaders/WorkingDirectory/22444/).
[2018.04.18-12.44.27:721][  0]LogShaderCompilers: Cleaned the shader compiler working directory 'C:/Users/Victor Weidar/AppData/Local/Temp/UnrealShaderWorkingDir/298E82FF4D40C12D6A5A169BFA2D6ED3/'.
[2018.04.18-12.44.27:721][  0]LogShaderCompilers: Display: Using Local Shader Compiler.
[2018.04.18-12.44.28:781][  0]LogTemp: Display: Loaded TP AllDesktopTargetPlatform
[2018.04.18-12.44.28:845][  0]LogTemp: Display: Loaded TP MacClientTargetPlatform
[2018.04.18-12.44.28:913][  0]LogTemp: Display: Loaded TP MacNoEditorTargetPlatform
[2018.04.18-12.44.28:974][  0]LogTemp: Display: Loaded TP MacServerTargetPlatform
[2018.04.18-12.44.29:036][  0]LogTemp: Display: Loaded TP MacTargetPlatform
[2018.04.18-12.44.29:094][  0]LogTemp: Display: Loaded TP WindowsClientTargetPlatform
[2018.04.18-12.44.29:155][  0]LogTemp: Display: Loaded TP WindowsNoEditorTargetPlatform
[2018.04.18-12.44.29:216][  0]LogTemp: Display: Loaded TP WindowsServerTargetPlatform
[2018.04.18-12.44.29:271][  0]LogTemp: Display: Loaded TP WindowsTargetPlatform
[2018.04.18-12.44.29:334][  0]LogTemp: Display: Loaded TP AndroidTargetPlatform
[2018.04.18-12.44.29:391][  0]LogTemp: Display: Loaded TP Android_ASTCTargetPlatform
[2018.04.18-12.44.29:451][  0]LogTemp: Display: Loaded TP Android_ATCTargetPlatform
[2018.04.18-12.44.29:509][  0]LogTemp: Display: Loaded TP Android_DXTTargetPlatform
[2018.04.18-12.44.29:569][  0]LogTemp: Display: Loaded TP Android_ETC1TargetPlatform
[2018.04.18-12.44.29:628][  0]LogTemp: Display: Loaded TP Android_ETC2TargetPlatform
[2018.04.18-12.44.29:745][  0]LogTemp: Display: Loaded TP Android_MultiTargetPlatform
[2018.04.18-12.44.29:745][  0]LogTemp: Display: Loaded TP Android_PVRTCTargetPlatform
[2018.04.18-12.44.29:791][  0]LogTemp: Display: Loaded TP HTML5TargetPlatform
[2018.04.18-12.44.29:898][  0]LogTemp: Display: Loaded TP IOSTargetPlatform
[2018.04.18-12.44.29:932][  0]LogTemp: Display: Loaded TP TVOSTargetPlatform
[2018.04.18-12.44.29:989][  0]LogTemp: Display: Loaded TP LinuxClientTargetPlatform
[2018.04.18-12.44.30:046][  0]LogTemp: Display: Loaded TP LinuxNoEditorTargetPlatform
[2018.04.18-12.44.30:103][  0]LogTemp: Display: Loaded TP LinuxServerTargetPlatform
[2018.04.18-12.44.30:162][  0]LogTemp: Display: Loaded TP LinuxTargetPlatform
[2018.04.18-12.44.30:162][  0]LogTargetPlatformManager: Display: Building Assets For Windows
[2018.04.18-12.44.30:731][  0]LogDerivedDataCache: Display: Max Cache Size: 512 MB
[2018.04.18-12.44.30:830][  0]LogDerivedDataCache: Loaded boot cache 0.10s 93MB C:/Users/Victor Weidar/AppData/Local/UnrealEngine/4.17/DerivedDataCache/Boot.ddc.
[2018.04.18-12.44.30:831][  0]LogDerivedDataCache: Display: Loaded Boot cache: C:/Users/Victor Weidar/AppData/Local/UnrealEngine/4.17/DerivedDataCache/Boot.ddc
[2018.04.18-12.44.30:831][  0]LogDerivedDataCache: FDerivedDataBackendGraph:  Pak pak cache file ../../../../../../Users/Victor Weidar/Desktop/GameDev/Scrapbot/FpsRobotgame/FpsRobotgame/DerivedDataCache/DDC.ddp not found, will not use a pak cache.
[2018.04.18-12.44.30:831][  0]LogDerivedDataCache: Unable to find inner node Pak for hierarchical cache Hierarchy.
[2018.04.18-12.44.30:831][  0]LogDerivedDataCache: FDerivedDataBackendGraph:  CompressedPak pak cache file ../../../../../../Users/Victor Weidar/Desktop/GameDev/Scrapbot/FpsRobotgame/FpsRobotgame/DerivedDataCache/Compressed.ddp not found, will not use a pak cache.
[2018.04.18-12.44.30:831][  0]LogDerivedDataCache: Unable to find inner node CompressedPak for hierarchical cache Hierarchy.
[2018.04.18-12.44.30:848][  0]LogDerivedDataCache: Display: Pak cache opened for reading ../../../Engine/DerivedDataCache/Compressed.ddp.
[2018.04.18-12.44.30:860][  0]LogDerivedDataCache: Using Local data cache path C:/Users/Victor Weidar/AppData/Local/UnrealEngine/Common/DerivedDataCache: Writable
[2018.04.18-12.44.30:870][  0]LogMaterial: Verifying Global Shaders for PCD3D_SM5
[2018.04.18-12.44.30:871][  0]LogSlate: Using Freetype 2.6.0
[2018.04.18-12.44.30:874][  0]LogSlate: SlateFontCache - WITH_FREETYPE: 1, WITH_HARFBUZZ: 1
[2018.04.18-12.44.30:874][  0]LogSlate: SlateFontCache - WITH_FREETYPE: 1, WITH_HARFBUZZ: 1
[2018.04.18-12.44.31:165][  0]LogAssetRegistry: FAssetRegistry took 0.0268 seconds to start up
[2018.04.18-12.44.31:299][  0]LogInit: Selected Device Profile: [Windows]
[2018.04.18-12.44.31:473][  0]LogContentStreaming: Texture pool size is 0.00 MB
[2018.04.18-12.44.31:814][  0]LogSimplygon: Simplygon DLL not present - disabling.
[2018.04.18-12.44.31:862][  0]LogMeshReduction: Using SimplygonSwarm for distributed automatic mesh merging
[2018.04.18-12.44.31:862][  0]LogMeshReduction: Using QuadricMeshReduction for automatic static mesh reduction
[2018.04.18-12.44.31:862][  0]LogMeshReduction: No automatic skeletal mesh reduction module available
[2018.04.18-12.44.31:862][  0]LogMeshReduction: No automatic mesh merging module available
[2018.04.18-12.44.31:862][  0]LogMeshMerging: No automatic mesh merging module available
[2018.04.18-12.44.32:285][  0]LogNetVersion: FpsRobotgame , NetCL: 3573198, EngineNetVer: 2, GameNetVer: 0 (Checksum: 732356735)
[2018.04.18-12.44.32:540][  0]LogPackageLocalizationCache: Processed 5 localized package path(s) for 2 prioritized culture(s) in 0.050629 seconds
[2018.04.18-12.44.32:546][  0]LogUObjectArray: 35825 objects as part of root set at end of initial load.
[2018.04.18-12.44.32:546][  0]LogUObjectAllocator: 7529112 out of 0 bytes used by permanent object pool.
[2018.04.18-12.44.32:546][  0]LogUObjectArray: CloseDisregardForGC: 0/0 objects in disregard for GC pool
[2018.04.18-12.44.32:621][  0]LogInit: WinSock: version 1.1 (2.2), MaxSocks=32767, MaxUdp=65467
[2018.04.18-12.44.35:721][  0]LogTcpMessaging: Initializing TcpMessaging bridge
[2018.04.18-12.44.35:765][  0]LogUdpMessaging: Initializing bridge on interface 0.0.0.0:0 to multicast group 230.0.0.1:6666.
[2018.04.18-12.44.36:498][  0]LogMaterial: Uniform references updated for custom material expression Custom.
[2018.04.18-12.44.36:974][  0]SourceControl: Source control is disabled
[2018.04.18-12.44.36:974][  0]SourceControl: Source control is disabled
[2018.04.18-12.44.37:029][  0]SourceControl: Source control is disabled
[2018.04.18-12.44.37:082][  0]SourceControl: Source control is disabled
[2018.04.18-12.44.37:760][  0]LogAndroidPermission: UAndroidPermissionCallbackProxy::GetInstance
[2018.04.18-12.44.38:038][  0]LogOcInput: OculusInput pre-init called
[2018.04.18-12.44.38:335][  0]LogEngine: Initializing Engine...
[2018.04.18-12.44.38:337][  0]LogHMD: Failed to initialize OpenVR with code 110
[2018.04.18-12.44.38:590][  0]LogStats: UGameplayTagsManager::ConstructGameplayTagTree: Construct from data asset -  0.000 s
[2018.04.18-12.44.38:590][  0]LogStats: UGameplayTagsManager::ConstructGameplayTagTree: GameplayTagTreeChangedEvent.Broadcast -  0.000 s
[2018.04.18-12.44.38:751][  0]LogAIModule: Creating AISystem for world Untitled
[2018.04.18-12.44.38:763][  0]LogInit: XAudio2 using 'Hörlurar på headset (Razer ManO'War 7.1)' : 2 channels at 48 kHz using 16 bits per sample (channel mask 0x3)
[2018.04.18-12.44.38:776][  0]LogInit: FAudioDevice initialized.
[2018.04.18-12.44.38:883][  0]LogDerivedDataCache: Saved boot cache 0.11s 93MB C:/Users/Victor Weidar/AppData/Local/UnrealEngine/4.17/DerivedDataCache/Boot.ddc.
[2018.04.18-12.44.38:900][  0]LogInit: Texture streaming: Enabled
[2018.04.18-12.44.39:036][  0]LogEngineSessionManager: EngineSessionManager initialized
[2018.04.18-12.44.39:305][  0]LogInit: Transaction tracking system initialized
[2018.04.18-12.44.39:673][  0]BlueprintLog: New page: Editor Load
[2018.04.18-12.44.40:714][  0]LocalizationService: Localization service is disabled
[2018.04.18-12.44.41:535][  0]LogConsoleResponse: Display: 
[2018.04.18-12.44.41:763][  0]LogCook: Display: Max memory allowance for cook 16384mb min free memory 0mb
[2018.04.18-12.44.41:764][  0]LogCook: Display: Mobile HDR setting 1
[2018.04.18-12.44.41:764][  0]LogGameplayTags: Display: UGameplayTagsManager::DoneAddingNativeTags. DelegateIsBound: 0
[2018.04.18-12.44.42:563][  0]LogFileCache: Scanning file cache for directory 'C:/Users/Victor Weidar/Desktop/GameDev/Scrapbot/FpsRobotgame/FpsRobotgame/Content/' took 0.01s
[2018.04.18-12.44.43:014][  0]SourceControl: Source control is disabled
[2018.04.18-12.44.43:014][  0]Cmd: MAP LOAD FILE="../../../../../../Users/Victor Weidar/Desktop/GameDev/Scrapbot/FpsRobotgame/FpsRobotgame/Content/Maps/Main.umap" TEMPLATE=0 SHOWPROGRESS=1 FEATURELEVEL=3
[2018.04.18-12.44.43:024][  0]LightingResults: New page: Lighting Build
[2018.04.18-12.44.43:074][  0]MapCheck: New page: Map Check
[2018.04.18-12.44.43:074][  0]LightingResults: New page: Lighting Build
[2018.04.18-12.44.43:286][  0]LogAIModule: Creating AISystem for world Main
[2018.04.18-12.44.43:292][  0]LogEditorServer: Finished looking for orphan Actors (0.000 secs)
[2018.04.18-12.44.43:305][  0]Cmd: MAP CHECKDEP NOCLEARLOG
[2018.04.18-12.44.43:362][  0]MapCheck: Map check complete: 0 Error(s), 0 Warning(s), took 56.838ms to complete.
[2018.04.18-12.44.43:362][  0]LogFileHelpers: Loading map 'Main' took 0.348
[2018.04.18-12.44.44:818][  0]LogTemp: Executing iPhonePackager certificates Engine -bundlename com.YourCompany.FpsRobotgame
[2018.04.18-12.44.44:818][  0]LogTemp: CWD: C:\Program Files (x86)\Epic Games\UE_4.17\Engine\Binaries\DotNET\IOS
[2018.04.18-12.44.44:818][  0]LogTemp: Initial Dir: C:\Program Files (x86)\Epic Games\UE_4.17
[2018.04.18-12.44.44:818][  0]LogTemp: Env CWD: C:\Program Files (x86)\Epic Games\UE_4.17\Engine\Binaries\DotNET\IOS
[2018.04.18-12.44.44:818][  0]LogTemp: BranchPath = DESKTOP-LT914LN/C/Program Files (x86)/Epic Games/UE_4.17/Engine/Binaries --- GameBranchPath = DESKTOP-LT914LN/C/Program Files (x86)/Epic Games/UE_4.17/Engine/Binaries
[2018.04.18-12.44.44:818][  0]LogTemp: IPP ERROR: Could not find provision directory 'C:\Users\Victor Weidar\AppData\Local/Apple Computer/MobileDevice/Provisioning Profiles/'.
[2018.04.18-12.44.44:818][  0]LogCollectionManager: Loaded 0 collections in 0.001908 seconds
[2018.04.18-12.44.44:904][  0]LogFileCache: Scanning file cache for directory 'C:/Users/Victor Weidar/Desktop/GameDev/Scrapbot/FpsRobotgame/FpsRobotgame/Saved/Collections/' took 0.01s
[2018.04.18-12.44.44:904][  0]LogFileCache: Scanning file cache for directory 'C:/Users/Victor Weidar/Desktop/GameDev/Scrapbot/FpsRobotgame/FpsRobotgame/Content/Developers/VictorWeidar/Collections/' took 0.01s
[2018.04.18-12.44.44:904][  0]LogFileCache: Scanning file cache for directory 'C:/Users/Victor Weidar/Desktop/GameDev/Scrapbot/FpsRobotgame/FpsRobotgame/Content/Collections/' took 0.01s
[2018.04.18-12.44.44:904][  0]LogCollectionManager: Rebuilt the GUID cache for 0 collections in 0.000001 seconds
[2018.04.18-12.44.44:915][  0]LogContentBrowser: Native class hierarchy populated in 0.0100 seconds. Added 2386 classes and 500 folders.
[2018.04.18-12.44.44:990][  0]LogContentBrowser: Native class hierarchy updated for 'WidgetCarousel' in 0.0006 seconds. Added 0 classes and 0 folders.
[2018.04.18-12.44.45:041][  0]LogContentBrowser: Native class hierarchy updated for 'AddContentDialog' in 0.0006 seconds. Added 0 classes and 0 folders.
[2018.04.18-12.44.45:099][  0]LogContentBrowser: Native class hierarchy updated for 'SceneOutliner' in 0.0007 seconds. Added 1 classes and 2 folders.
[2018.04.18-12.44.45:259][  0]LogContentBrowser: Native class hierarchy updated for 'HierarchicalLODOutliner' in 0.0007 seconds. Added 1 classes and 2 folders.
[2018.04.18-12.44.45:259][  0]LogLoad: (Engine Initialization) Total time: 20.84 seconds
[2018.04.18-12.44.45:259][  0]LogLoad: (Engine Initialization) Total Blueprint compile time: 0.00 seconds
[2018.04.18-12.44.45:260][  0]LogExternalProfiler: Found external profiler: VSPerf
[2018.04.18-12.44.45:260][  0]LogExternalProfiler: Using external profiler: VSPerf
[2018.04.18-12.44.45:625][  0]LogContentStreaming: Texture pool size now 1000 MB
[2018.04.18-12.44.45:628][  0]LogSlate: Took 0.000367 seconds to synchronously load lazily loaded font '../../../Engine/Content/Slate/Fonts/Roboto-Regular.ttf' (155K)
[2018.04.18-12.44.45:630][  0]LogSlate: Took 0.000232 seconds to synchronously load lazily loaded font '../../../Engine/Content/Slate/Fonts/Roboto-Bold.ttf' (160K)
[2018.04.18-12.44.45:637][  0]LogSlate: Took 0.002916 seconds to synchronously load lazily loaded font '../../../Engine/Content/Editor/Slate/Fonts/FontAwesome.ttf' (139K)
[2018.04.18-12.44.45:681][  0]LogRenderer: Reallocating scene render targets to support 64x64 Format 10 NumSamples 1 (Frame:1).
[2018.04.18-12.44.45:775][  0]LogRenderer: Reallocating scene render targets to support 792x424 Format 10 NumSamples 1 (Frame:1).
[2018.04.18-12.44.45:775][  0]LogSlate: Took 0.000347 seconds to synchronously load lazily loaded font '../../../Engine/Content/Slate/Fonts/Roboto-Light.ttf' (159K)
[2018.04.18-12.44.45:939][  1]LogAssetRegistry: Asset discovery search completed in 14.7956 seconds
[2018.04.18-12.44.45:942][  1]LogCollectionManager: Rebuilt the object cache for 0 collections in 0.000000 seconds (found 0 objects)
[2018.04.18-12.44.45:943][  1]LogCollectionManager: Fixed up redirectors for 0 collections in 0.000053 seconds (updated 0 objects)
[2018.04.18-12.44.46:604][  3]LogSlate: Took 0.002881 seconds to synchronously load lazily loaded font '../../../Engine/Content/Slate/Fonts/Roboto-Light.ttf' (159K)
[2018.04.18-12.45.11:134][142]LogRenderer: Reallocating scene render targets to support 1192x668 Format 10 NumSamples 1 (Frame:72).
[2018.04.18-12.45.14:939][369]LogTemp: Repeating last play command: Selected Viewport
[2018.04.18-12.45.14:972][369]LogPlayLevel: PlayLevel: No blueprints needed recompiling
[2018.04.18-12.45.14:973][369]PIE: New page: PIE session: Main (19 Apr 2018 8:45:14 am)
[2018.04.18-12.45.14:973][369]LogPlayLevel: Creating play world package: /Game/Maps/UEDPIE_0_Main
[2018.04.18-12.45.14:975][369]LogPlayLevel: PIE: StaticDuplicateObject took: (0.001713s)
[2018.04.18-12.45.14:975][369]LogAIModule: Creating AISystem for world Main
[2018.04.18-12.45.14:976][369]LogPlayLevel: PIE: World Init took: (0.001030s)
[2018.04.18-12.45.14:976][369]LogPlayLevel: PIE: Created PIE world by copying editor world from /Game/Maps/Main.Main to /Game/Maps/UEDPIE_0_Main.Main (0.002961s)
[2018.04.18-12.45.14:989][369]LogInit: XAudio2 using 'Hörlurar på headset (Razer ManO'War 7.1)' : 2 channels at 48 kHz using 16 bits per sample (channel mask 0x3)
[2018.04.18-12.45.14:997][369]LogInit: FAudioDevice initialized.
[2018.04.18-12.45.15:078][369]LogLoad: Game class is 'FPSGamemode_C'
[2018.04.18-12.45.15:081][369]LogWorld: Bringing World /Game/Maps/UEDPIE_0_Main.Main up for play (max tick rate 60) at 2018.04.18-22.45.15
[2018.04.18-12.45.15:082][369]LogWorld: Bringing up level for play took: 0.001226
[2018.04.18-12.45.15:139][369]LogContentBrowser: Native class hierarchy updated for 'MovieSceneCapture' in 0.0008 seconds. Added 11 classes and 0 folders.
[2018.04.18-12.45.15:142][369]PIE: Play in editor start time for /Game/Maps/UEDPIE_0_Main 0.327
[2018.04.18-12.45.34:227][471]SourceControl: On branch master
[2018.04.18-12.45.34:227][471]SourceControl: Your branch is up-to-date with 'origin/master'.
[2018.04.18-12.45.34:227][471]SourceControl: Changes not staged for commit:
[2018.04.18-12.45.34:227][471]SourceControl:   (use "git add/rm <file>..." to update what will be committed)
[2018.04.18-12.45.34:227][471]SourceControl:   (use "git checkout -- <file>..." to discard changes in working directory)
[2018.04.18-12.45.34:227][471]SourceControl: 	deleted:    .gitignore
[2018.04.18-12.45.34:227][471]SourceControl: Untracked files:
[2018.04.18-12.45.34:227][471]SourceControl:   (use "git add <file>..." to include in what will be committed)
[2018.04.18-12.45.34:227][471]SourceControl: 	FpsRobotgame/
[2018.04.18-12.45.34:227][471]SourceControl: no changes added to commit (use "git add" and/or "git commit -a")
[2018.04.18-12.46.31:177][808]LogSlate: Took 0.000153 seconds to synchronously load lazily loaded font '../../../Engine/Content/Slate/Fonts/Roboto-Light.ttf' (159K)
[2018.04.18-12.46.31:298][808]LogFactory: FactoryCreateFile: StaticMesh with FbxFactory (0 0 ../../../../../../Users/Victor Weidar/Desktop/GameDev/Scrapbot/Assets/Models/Flybot/Animations/Flybot_Idle.fbx)
[2018.04.18-12.46.31:311][808]LogFbx: ItemName: GlobalSettings, ItemCount : 1
[2018.04.18-12.46.31:311][808]LogFbx: ItemName: AnimationStack, ItemCount : 1
[2018.04.18-12.46.31:311][808]LogFbx: ItemName: AnimationLayer, ItemCount : 1
[2018.04.18-12.46.31:311][808]LogFbx: ItemName: Geometry, ItemCount : 1
[2018.04.18-12.46.31:311][808]LogFbx: ItemName: Material, ItemCount : 1
[2018.04.18-12.46.31:311][808]LogFbx: ItemName: Texture, ItemCount : 1
[2018.04.18-12.46.31:311][808]LogFbx: ItemName: Model, ItemCount : 7
[2018.04.18-12.46.31:311][808]LogFbx: ItemName: NodeAttribute, ItemCount : 6
[2018.04.18-12.46.31:311][808]LogFbx: ItemName: AnimationCurveNode, ItemCount : 30
[2018.04.18-12.46.31:311][808]LogFbx: ItemName: CollectionExclusive, ItemCount : 2
[2018.04.18-12.46.31:311][808]LogFbx: ItemName: AnimationCurve, ItemCount : 60
[2018.04.18-12.46.31:311][808]LogFbx: ItemName: Pose, ItemCount : 1
[2018.04.18-12.46.31:311][808]LogFbx: ItemName: Deformer, ItemCount : 7
[2018.04.18-12.46.31:311][808]LogFbx: ItemName: Video, ItemCount : 1
[2018.04.18-12.46.31:317][808]LogFbx: Loading FBX Scene from ../../../../../../Users/Victor Weidar/Desktop/GameDev/Scrapbot/Assets/Models/Flybot/Animations/Flybot_Idle.fbx
[2018.04.18-12.46.31:342][808]LogFbx: FBX Scene Loaded Succesfully
[2018.04.18-12.46.33:538][808]LogFactory: FactoryCreateFile: SkeletalMesh with FbxFactory (0 0 ../../../../../../Users/Victor Weidar/Desktop/GameDev/Scrapbot/Assets/Models/Flybot/Animations/Flybot_Move.fbx)
[2018.04.18-12.46.38:201][932]LogFactory: FactoryCreateFile: StaticMesh with FbxFactory (0 0 ../../../../../../Users/Victor Weidar/Desktop/GameDev/Scrapbot/Assets/Models/Flybot/Animations/Flybot_Idle.fbx)
[2018.04.18-12.46.38:210][932]LogFbx: ItemName: GlobalSettings, ItemCount : 1
[2018.04.18-12.46.38:210][932]LogFbx: ItemName: AnimationStack, ItemCount : 1
[2018.04.18-12.46.38:210][932]LogFbx: ItemName: AnimationLayer, ItemCount : 1
[2018.04.18-12.46.38:210][932]LogFbx: ItemName: Geometry, ItemCount : 1
[2018.04.18-12.46.38:210][932]LogFbx: ItemName: Material, ItemCount : 1
[2018.04.18-12.46.38:210][932]LogFbx: ItemName: Texture, ItemCount : 1
[2018.04.18-12.46.38:210][932]LogFbx: ItemName: Model, ItemCount : 7
[2018.04.18-12.46.38:210][932]LogFbx: ItemName: NodeAttribute, ItemCount : 6
[2018.04.18-12.46.38:210][932]LogFbx: ItemName: AnimationCurveNode, ItemCount : 30
[2018.04.18-12.46.38:210][932]LogFbx: ItemName: CollectionExclusive, ItemCount : 2
[2018.04.18-12.46.38:210][932]LogFbx: ItemName: AnimationCurve, ItemCount : 60
[2018.04.18-12.46.38:210][932]LogFbx: ItemName: Pose, ItemCount : 1
[2018.04.18-12.46.38:210][932]LogFbx: ItemName: Deformer, ItemCount : 7
[2018.04.18-12.46.38:210][932]LogFbx: ItemName: Video, ItemCount : 1
[2018.04.18-12.46.38:215][932]LogFbx: Loading FBX Scene from ../../../../../../Users/Victor Weidar/Desktop/GameDev/Scrapbot/Assets/Models/Flybot/Animations/Flybot_Idle.fbx
[2018.04.18-12.46.38:232][932]LogFbx: FBX Scene Loaded Succesfully
[2018.04.18-12.46.49:532][932]LogFbx: Loading FBX Scene from ../../../../../../Users/Victor Weidar/Desktop/GameDev/Scrapbot/Assets/Models/Flybot/Animations/Flybot_Idle.fbx
[2018.04.18-12.46.49:552][932]LogFbx: FBX Scene Loaded Succesfully
[2018.04.18-12.46.49:552][932]LogFbx: =================================================
[2018.04.18-12.46.49:552][932]LogFbx: Dumping Node START [Flybot] 
[2018.04.18-12.46.49:552][932]LogFbx: 	Total Deformer Count -1652348384.
[2018.04.18-12.46.49:552][932]LogFbx: 		[Node 1]  (Type Skin).
[2018.04.18-12.46.49:552][932]LogFbx: =================================================
[2018.04.18-12.46.49:552][932]LogFbx: 	Attribute () Type (4).
[2018.04.18-12.46.49:552][932]LogFbx: 		[Node Attribute Child 1] Flybot (Type Mesh).
[2018.04.18-12.46.49:552][932]LogFbx: Dumping Node END [Flybot]
[2018.04.18-12.46.49:552][932]LogFbx: =================================================
[2018.04.18-12.46.49:552][932]LogFbx: Dumping Node START [Flybot] 
[2018.04.18-12.46.49:552][932]LogFbx: 	Total Deformer Count -1652343904.
[2018.04.18-12.46.49:552][932]LogFbx: 		[Node 1]  (Type Skin).
[2018.04.18-12.46.49:552][932]LogFbx: =================================================
[2018.04.18-12.46.49:552][932]LogFbx: 	Attribute () Type (4).
[2018.04.18-12.46.49:552][932]LogFbx: 		[Node Attribute Child 1] Flybot (Type Mesh).
[2018.04.18-12.46.49:552][932]LogFbx: Dumping Node END [Flybot]
[2018.04.18-12.46.49:555][932]LogFbx: Valid bind pose for Pose (skinCluster1) - Flybot
[2018.04.18-12.46.49:558][932]LogLinker: Can't find file '/Game/Characters/Flybot/lambert2'
[2018.04.18-12.46.49:558][932]LogLinker: Can't find file '/Game/Characters/Flybot/lambert2'
[2018.04.18-12.46.49:559][932]LogMaterial: Warning: Material /Game/Characters/Flybot/lambert2.lambert2 needed to have new flag set bUsedWithSkeletalMesh !
[2018.04.18-12.46.49:562][932]LogMaterial: Missing cached shader map for material lambert2, compiling. 
[2018.04.18-12.46.49:634][932]LogLinker: Can't find file '/Game/Characters/Flybot/Flybot_Diffuse'
[2018.04.18-12.46.49:634][932]LogLinker: Can't find file '/Game/Characters/Flybot/Flybot_Diffuse'
[2018.04.18-12.46.49:681][932]LogTexture: Display: Building textures: Flybot_Diffuse (AutoDXT, 1080X1080)
[2018.04.18-12.46.49:883][932]LogMaterial: Missing cached shader map for material lambert2, compiling. 
[2018.04.18-12.46.49:927][932]LogFbx: Triangulating skeletal mesh Flybot
[2018.04.18-12.46.50:000][932]LogFbx: Warning: Bones digested - 6  Depth of hierarchy - 5
[2018.04.18-12.46.50:025][932]LogSkeletalMesh: Section 0: 604 vertices, 3 active bones
[2018.04.18-12.46.50:026][932]LogSkeletalMesh: Section 0: Material=0, 792 triangles
[2018.04.18-12.46.50:028][932]LogLinker: Can't find file '/Game/Characters/Flybot/Flybot_Idle_Skeleton'
[2018.04.18-12.46.50:028][932]LogLinker: Can't find file '/Game/Characters/Flybot/Flybot_Idle_Skeleton'
[2018.04.18-12.46.50:031][932]LogLinker: Can't find file '/Game/Characters/Flybot/Flybot_Idle_PhysicsAsset'
[2018.04.18-12.46.50:031][932]LogLinker: Can't find file '/Game/Characters/Flybot/Flybot_Idle_PhysicsAsset'
[2018.04.18-12.46.50:038][932]LogFbx: =================================================
[2018.04.18-12.46.50:038][932]LogFbx: Dumping Node START [Flybot] 
[2018.04.18-12.46.50:039][932]LogFbx: 	Total Deformer Count -1669153944.
[2018.04.18-12.46.50:039][932]LogFbx: 		[Node 1]  (Type Skin).
[2018.04.18-12.46.50:039][932]LogFbx: =================================================
[2018.04.18-12.46.50:039][932]LogFbx: 	Attribute () Type (4).
[2018.04.18-12.46.50:039][932]LogFbx: 		[Node Attribute Child 1] Flybot (Type Mesh).
[2018.04.18-12.46.50:039][932]LogFbx: Dumping Node END [Flybot]
[2018.04.18-12.46.50:039][932]LogFbx: =================================================
[2018.04.18-12.46.50:039][932]LogFbx: Dumping Node START [Flybot] 
[2018.04.18-12.46.50:039][932]LogFbx: 	Total Deformer Count -1669153888.
[2018.04.18-12.46.50:039][932]LogFbx: 		[Node 1]  (Type Skin).
[2018.04.18-12.46.50:039][932]LogFbx: =================================================
[2018.04.18-12.46.50:039][932]LogFbx: 	Attribute () Type (4).
[2018.04.18-12.46.50:039][932]LogFbx: 		[Node Attribute Child 1] Flybot (Type Mesh).
[2018.04.18-12.46.50:039][932]LogFbx: Dumping Node END [Flybot]
[2018.04.18-12.46.50:039][932]LogFbx: SortedLinks :(0) ROOT
[2018.04.18-12.46.50:039][932]LogFbx: SortedLinks :(1) Bottom
[2018.04.18-12.46.50:039][932]LogFbx: SortedLinks :(2) Body
[2018.04.18-12.46.50:039][932]LogFbx: SortedLinks :(3) Propellar1
[2018.04.18-12.46.50:039][932]LogFbx: SortedLinks :(4) Propellar2
[2018.04.18-12.46.50:039][932]LogFbx: SortedLinks :(5) Jaw
[2018.04.18-12.46.50:039][932]LogFbx: Parsing AnimStack Take 001
[2018.04.18-12.46.50:041][932]LogLinker: Can't find file '/Game/Characters/Flybot/Flybot_Idle_Anim'
[2018.04.18-12.46.50:042][932]LogLinker: Can't find file '/Game/Characters/Flybot/Flybot_Idle_Anim'
[2018.04.18-12.46.50:047][932]LogSlate: Took 0.000233 seconds to synchronously load lazily loaded font '../../../Engine/Content/Slate/Fonts/Roboto-Regular.ttf' (155K)
[2018.04.18-12.46.50:082][932]LogAnimationCompression: Building Anim DDC data for AnimSequence /Game/Characters/Flybot/Flybot_Idle_Anim.Flybot_Idle_Anim
[2018.04.18-12.46.50:090][932]FBXImport: Warning: No smoothing group information was found in this FBX scene.  Please make sure to enable the 'Export Smoothing Groups' option in the FBX Exporter plug-in before exporting the file.  Even for tools that don't support smoothing groups, the FBX Exporter will generate appropriate smoothing data at export-time so that correct vertex normals can be inferred while importing. 
[2018.04.18-12.47.00:865][530]LogTemp: Repeating last play command: Selected Viewport
[2018.04.18-12.47.00:884][530]LogPlayLevel: PlayLevel: No blueprints needed recompiling
[2018.04.18-12.47.00:884][530]PIE: New page: PIE session: Main (19 Apr 2018 8:47:00 am)
[2018.04.18-12.47.00:885][530]LogPlayLevel: Creating play world package: /Game/Maps/UEDPIE_0_Main
[2018.04.18-12.47.00:887][530]LogPlayLevel: PIE: StaticDuplicateObject took: (0.002239s)
[2018.04.18-12.47.00:888][530]LogAIModule: Creating AISystem for world Main
[2018.04.18-12.47.00:888][530]LogPlayLevel: PIE: World Init took: (0.001312s)
[2018.04.18-12.47.00:888][530]LogPlayLevel: PIE: Created PIE world by copying editor world from /Game/Maps/Main.Main to /Game/Maps/UEDPIE_0_Main.Main (0.003829s)
[2018.04.18-12.47.00:904][530]LogInit: XAudio2 using 'Hörlurar på headset (Razer ManO'War 7.1)' : 2 channels at 48 kHz using 16 bits per sample (channel mask 0x3)
[2018.04.18-12.47.00:915][530]LogInit: FAudioDevice initialized.
[2018.04.18-12.47.00:949][530]LogLoad: Game class is 'FPSGamemode_C'
[2018.04.18-12.47.00:953][530]LogWorld: Bringing World /Game/Maps/UEDPIE_0_Main.Main up for play (max tick rate 60) at 2018.04.18-22.47.00
[2018.04.18-12.47.00:953][530]LogWorld: Bringing up level for play took: 0.002039
[2018.04.18-12.47.00:954][530]PIE: Play in editor start time for /Game/Maps/UEDPIE_0_Main 0.139
[2018.04.18-12.47.04:203][719]LogEditorViewport: Clicking on Actor (LMB): SkeletalMeshActor (Flybot_Idle_Anim)
[2018.04.18-12.47.04:983][765]Cmd: DELETE
[2018.04.18-12.47.04:983][765]Cmd: ACTOR DELETE
[2018.04.18-12.47.04:984][765]LogEditorActor: Deleted Actor: SkeletalMeshActor
[2018.04.18-12.47.04:993][765]LogEditorActor: Deleted 1 Actors (0.010 secs)
[2018.04.18-12.47.09:318][891]LogFactory: FactoryCreateFile: StaticMesh with FbxFactory (0 0 ../../../../../../Users/Victor Weidar/Desktop/GameDev/Scrapbot/Assets/Models/Flybot/Animations/Flybot_Move.fbx)
[2018.04.18-12.47.09:325][891]LogFbx: ItemName: GlobalSettings, ItemCount : 1
[2018.04.18-12.47.09:325][891]LogFbx: ItemName: AnimationStack, ItemCount : 1
[2018.04.18-12.47.09:325][891]LogFbx: ItemName: AnimationLayer, ItemCount : 1
[2018.04.18-12.47.09:325][891]LogFbx: ItemName: NodeAttribute, ItemCount : 7
[2018.04.18-12.47.09:325][891]LogFbx: ItemName: Model, ItemCount : 7
[2018.04.18-12.47.09:325][891]LogFbx: ItemName: AnimationCurveNode, ItemCount : 35
[2018.04.18-12.47.09:325][891]LogFbx: ItemName: CollectionExclusive, ItemCount : 1
[2018.04.18-12.47.09:325][891]LogFbx: ItemName: AnimationCurve, ItemCount : 70
[2018.04.18-12.47.09:330][891]LogFbx: Loading FBX Scene from ../../../../../../Users/Victor Weidar/Desktop/GameDev/Scrapbot/Assets/Models/Flybot/Animations/Flybot_Move.fbx
[2018.04.18-12.47.09:345][891]LogFbx: FBX Scene Loaded Succesfully
[2018.04.18-12.47.16:812][891]LogFbx: Loading FBX Scene from ../../../../../../Users/Victor Weidar/Desktop/GameDev/Scrapbot/Assets/Models/Flybot/Animations/Flybot_Move.fbx
[2018.04.18-12.47.16:829][891]LogFbx: FBX Scene Loaded Succesfully
[2018.04.18-12.47.16:829][891]LogFbx: SortedLinks :(0) ROOT
[2018.04.18-12.47.16:830][891]LogFbx: SortedLinks :(1) Bottom
[2018.04.18-12.47.16:830][891]LogFbx: SortedLinks :(2) Body
[2018.04.18-12.47.16:830][891]LogFbx: SortedLinks :(3) Propellar1
[2018.04.18-12.47.16:830][891]LogFbx: SortedLinks :(4) Propellar2
[2018.04.18-12.47.16:830][891]LogFbx: SortedLinks :(5) Jaw
[2018.04.18-12.47.16:830][891]LogFbx: SortedLinks :(6) Jaw2
[2018.04.18-12.47.16:830][891]LogFbx: Parsing AnimStack Take 001
[2018.04.18-12.47.16:832][891]LogLinker: Can't find file '/Game/Characters/Flybot/Flybot_Move'
[2018.04.18-12.47.16:832][891]LogLinker: Can't find file '/Game/Characters/Flybot/Flybot_Move'
[2018.04.18-12.47.16:855][891]LogAnimationCompression: Building Anim DDC data for AnimSequence /Game/Characters/Flybot/Flybot_Move.Flybot_Move
[2018.04.18-12.47.16:863][891]FBXImport: Warning: The following bones exist in the imported animation, but not in the Skeleton asset Flybot_Idle_Skeleton.  Any animation on these bones will not be imported: 

 Jaw2  
 
[2018.04.18-12.47.25:872][425]LogTemp: Repeating last play command: Selected Viewport
[2018.04.18-12.47.25:885][425]LogPlayLevel: PlayLevel: No blueprints needed recompiling
[2018.04.18-12.47.25:885][425]PIE: New page: PIE session: Main (19 Apr 2018 8:47:25 am)
[2018.04.18-12.47.25:885][425]LogPlayLevel: Creating play world package: /Game/Maps/UEDPIE_0_Main
[2018.04.18-12.47.25:887][425]LogPlayLevel: PIE: StaticDuplicateObject took: (0.001807s)
[2018.04.18-12.47.25:888][425]LogAIModule: Creating AISystem for world Main
[2018.04.18-12.47.25:888][425]LogPlayLevel: PIE: World Init took: (0.001222s)
[2018.04.18-12.47.25:888][425]LogPlayLevel: PIE: Created PIE world by copying editor world from /Game/Maps/Main.Main to /Game/Maps/UEDPIE_0_Main.Main (0.003345s)
[2018.04.18-12.47.25:904][425]LogInit: XAudio2 using 'Hörlurar på headset (Razer ManO'War 7.1)' : 2 channels at 48 kHz using 16 bits per sample (channel mask 0x3)
[2018.04.18-12.47.25:914][425]LogInit: FAudioDevice initialized.
[2018.04.18-12.47.25:951][425]LogLoad: Game class is 'FPSGamemode_C'
[2018.04.18-12.47.25:953][425]LogWorld: Bringing World /Game/Maps/UEDPIE_0_Main.Main up for play (max tick rate 60) at 2018.04.18-22.47.25
[2018.04.18-12.47.25:954][425]LogWorld: Bringing up level for play took: 0.001586
[2018.04.18-12.47.25:955][425]PIE: Play in editor start time for /Game/Maps/UEDPIE_0_Main -0.86
[2018.04.18-12.47.33:104][848]Cmd: DELETE
[2018.04.18-12.47.33:104][848]Cmd: ACTOR DELETE
[2018.04.18-12.47.33:105][848]LogEditorActor: Deleted Actor: SkeletalMeshActor
[2018.04.18-12.47.33:122][848]LogEditorActor: Deleted 1 Actors (0.017 secs)
[2018.04.18-12.47.55:610][197]SourceControl: fatal: C:/Program Files (x86)/Epic Games/UE_4.17/Engine/Content/: 'C:/Program Files (x86)/Epic Games/UE_4.17/Engine/Content/' is outside repository
[2018.04.18-12.48.03:742][197]LogSourceControl: FGitCheckInWorker: commit successful
[2018.04.18-12.48.03:819][197]SourceControl: On branch master
[2018.04.18-12.48.03:819][197]SourceControl: Your branch is up-to-date with 'origin/master'.
[2018.04.18-12.48.03:819][197]SourceControl: Changes not staged for commit:
[2018.04.18-12.48.03:819][197]SourceControl: 	modified:   FpsRobotgame/Saved/Config/Windows/EditorPerProjectUserSettings.ini
[2018.04.18-12.48.03:819][197]SourceControl: 	modified:   FpsRobotgame/Saved/Config/Windows/Engine.ini
[2018.04.18-12.48.03:819][197]SourceControl: 	modified:   FpsRobotgame/Saved/Logs/FpsRobotgame.log
[2018.04.18-12.48.03:819][197]SourceControl: Untracked files:
[2018.04.18-12.48.03:819][197]SourceControl: 	FpsRobotgame/Saved/Config/Windows/SourceControlSettings.ini
[2018.04.18-12.48.03:819][197]SourceControl: 	FpsRobotgame/Saved/Logs/Git-TempB48B584F40CE35E5938A8194D8FBFC60.txt
[2018.04.18-12.48.03:819][197]SourceControl: no changes added to commit
[2018.04.18-12.48.03:829][197]SourceControl: Commited On branch master.
[2018.04.18-12.48.08:527][469]LogSavePackage: Save=23.58ms
[2018.04.18-12.48.08:527][469]LogSavePackage: Moving '../../../../../../Users/Victor Weidar/Desktop/GameDev/Scrapbot/FpsRobotgame/FpsRobotgame/Saved/Main2943F69F46012881F776A8A7E947D77B.tmp' to '../../../../../../Users/Victor Weidar/Desktop/GameDev/Scrapbot/FpsRobotgame/FpsRobotgame/Content/Maps/Main.umap'
[2018.04.18-12.48.08:532][469]LogSavePackage: Display: Finished SavePackage ../../../../../../Users/Victor Weidar/Desktop/GameDev/Scrapbot/FpsRobotgame/FpsRobotgame/Content/Maps/Main.umap
[2018.04.18-12.48.08:661][469]Cmd: OBJ SAVEPACKAGE PACKAGE="/Game/Maps/Main_BuiltData" FILE="../../../../../../Users/Victor Weidar/Desktop/GameDev/Scrapbot/FpsRobotgame/FpsRobotgame/Content/Maps/Main_BuiltData.uasset" SILENT=true
[2018.04.18-12.48.08:676][469]LogSavePackage: Save=11.88ms
[2018.04.18-12.48.08:676][469]LogSavePackage: Moving '../../../../../../Users/Victor Weidar/Desktop/GameDev/Scrapbot/FpsRobotgame/FpsRobotgame/Saved/Main_BuiltData11E8645C433D9F19C98EDE9EBBEF496C.tmp' to '../../../../../../Users/Victor Weidar/Desktop/GameDev/Scrapbot/FpsRobotgame/FpsRobotgame/Content/Maps/Main_BuiltData.uasset'
[2018.04.18-12.48.08:678][469]LogSavePackage: Display: Finished SavePackage ../../../../../../Users/Victor Weidar/Desktop/GameDev/Scrapbot/FpsRobotgame/FpsRobotgame/Content/Maps/Main_BuiltData.uasset
[2018.04.18-12.49.00:832][783]LogGameProjectGeneration: Verbose: 'C:/Program Files (x86)/Epic Games/UE_4.17/Templates/TP_ThirdPersonBP/Media/TP_ThirdPersonBP.png': Skipping as it is in an ignored folder 'Media'
[2018.04.18-12.49.00:832][783]LogGameProjectGeneration: Verbose: 'C:/Program Files (x86)/Epic Games/UE_4.17/Templates/TP_ThirdPersonBP/Media/TP_ThirdPersonBP_Preview.png': Skipping as it is in an ignored folder 'Media'
[2018.04.18-12.49.01:013][784]Cmd: CLOSE_SLATE_MAINFRAME
[2018.04.18-12.49.02:649][784]LogSavePackage: Save=86.84ms
[2018.04.18-12.49.02:650][784]LogSavePackage: Moving '../../../../../../Users/Victor Weidar/Desktop/GameDev/Scrapbot/FpsRobotgame/FpsRobotgame/Saved/Flybot_Diffuse12336CAA4FEF2AFEC88415BD5A6CF303.tmp' to '../../../../../../Users/Victor Weidar/Desktop/GameDev/Scrapbot/FpsRobotgame/FpsRobotgame/Content/Characters/Flybot/Flybot_Diffuse.uasset'
[2018.04.18-12.49.02:654][784]LogSavePackage: Display: Finished SavePackage ../../../../../../Users/Victor Weidar/Desktop/GameDev/Scrapbot/FpsRobotgame/FpsRobotgame/Content/Characters/Flybot/Flybot_Diffuse.uasset
[2018.04.18-12.49.02:909][784]LogSavePackage: Save=13.02ms
[2018.04.18-12.49.02:910][784]LogSavePackage: Moving '../../../../../../Users/Victor Weidar/Desktop/GameDev/Scrapbot/FpsRobotgame/FpsRobotgame/Saved/Flybot_Idle94FCE348452ED0A01CF11293313774ED.tmp' to '../../../../../../Users/Victor Weidar/Desktop/GameDev/Scrapbot/FpsRobotgame/FpsRobotgame/Content/Characters/Flybot/Flybot_Idle.uasset'
[2018.04.18-12.49.02:912][784]LogSavePackage: Display: Finished SavePackage ../../../../../../Users/Victor Weidar/Desktop/GameDev/Scrapbot/FpsRobotgame/FpsRobotgame/Content/Characters/Flybot/Flybot_Idle.uasset
[2018.04.18-12.49.03:171][784]LogSavePackage: Save=12.44ms
[2018.04.18-12.49.03:171][784]LogSavePackage: Moving '../../../../../../Users/Victor Weidar/Desktop/GameDev/Scrapbot/FpsRobotgame/FpsRobotgame/Saved/Flybot_Idle_AnimC849CD6F48BCC51B59881C9914D3AAF4.tmp' to '../../../../../../Users/Victor Weidar/Desktop/GameDev/Scrapbot/FpsRobotgame/FpsRobotgame/Content/Characters/Flybot/Flybot_Idle_Anim.uasset'
[2018.04.18-12.49.03:174][784]LogSavePackage: Display: Finished SavePackage ../../../../../../Users/Victor Weidar/Desktop/GameDev/Scrapbot/FpsRobotgame/FpsRobotgame/Content/Characters/Flybot/Flybot_Idle_Anim.uasset
[2018.04.18-12.49.03:386][784]LogSavePackage: Save=4.10ms
[2018.04.18-12.49.03:386][784]LogSavePackage: Moving '../../../../../../Users/Victor Weidar/Desktop/GameDev/Scrapbot/FpsRobotgame/FpsRobotgame/Saved/Flybot_Idle_PhysicsAsset50ED218D40079E15E15C888018A1E32A.tmp' to '../../../../../../Users/Victor Weidar/Desktop/GameDev/Scrapbot/FpsRobotgame/FpsRobotgame/Content/Characters/Flybot/Flybot_Idle_PhysicsAsset.uasset'
[2018.04.18-12.49.03:391][784]LogSavePackage: Display: Finished SavePackage ../../../../../../Users/Victor Weidar/Desktop/GameDev/Scrapbot/FpsRobotgame/FpsRobotgame/Content/Characters/Flybot/Flybot_Idle_PhysicsAsset.uasset
[2018.04.18-12.49.03:602][784]LogSavePackage: Save=1.64ms
[2018.04.18-12.49.03:602][784]LogSavePackage: Moving '../../../../../../Users/Victor Weidar/Desktop/GameDev/Scrapbot/FpsRobotgame/FpsRobotgame/Saved/Flybot_Idle_Skeleton6D9AABA7459A9312518780B65D4B215A.tmp' to '../../../../../../Users/Victor Weidar/Desktop/GameDev/Scrapbot/FpsRobotgame/FpsRobotgame/Content/Characters/Flybot/Flybot_Idle_Skeleton.uasset'
[2018.04.18-12.49.03:606][784]LogSavePackage: Display: Finished SavePackage ../../../../../../Users/Victor Weidar/Desktop/GameDev/Scrapbot/FpsRobotgame/FpsRobotgame/Content/Characters/Flybot/Flybot_Idle_Skeleton.uasset
[2018.04.18-12.49.03:828][784]LogSavePackage: Save=12.11ms
[2018.04.18-12.49.03:828][784]LogSavePackage: Moving '../../../../../../Users/Victor Weidar/Desktop/GameDev/Scrapbot/FpsRobotgame/FpsRobotgame/Saved/Flybot_Move180468E043B3B8C9512104A1C849FF77.tmp' to '../../../../../../Users/Victor Weidar/Desktop/GameDev/Scrapbot/FpsRobotgame/FpsRobotgame/Content/Characters/Flybot/Flybot_Move.uasset'
[2018.04.18-12.49.03:832][784]LogSavePackage: Display: Finished SavePackage ../../../../../../Users/Victor Weidar/Desktop/GameDev/Scrapbot/FpsRobotgame/FpsRobotgame/Content/Characters/Flybot/Flybot_Move.uasset
[2018.04.18-12.49.04:110][784]LogSavePackage: Save=27.05ms
[2018.04.18-12.49.04:110][784]LogSavePackage: Moving '../../../../../../Users/Victor Weidar/Desktop/GameDev/Scrapbot/FpsRobotgame/FpsRobotgame/Saved/lambert24995249246956334192E179529772083.tmp' to '../../../../../../Users/Victor Weidar/Desktop/GameDev/Scrapbot/FpsRobotgame/FpsRobotgame/Content/Characters/Flybot/lambert2.uasset'
[2018.04.18-12.49.04:116][784]LogSavePackage: Display: Finished SavePackage ../../../../../../Users/Victor Weidar/Desktop/GameDev/Scrapbot/FpsRobotgame/FpsRobotgame/Content/Characters/Flybot/lambert2.uasset
[2018.04.18-12.49.04:413][784]LogWindowsTextInputMethodSystem: Display: IME system now deactivated.
[2018.04.18-12.49.04:414][784]LogWindowsTextInputMethodSystem: Display: IME system now deactivated.
[2018.04.18-12.49.04:629][785]Cmd: QUIT_EDITOR
[2018.04.18-12.49.05:381][785]LogExit: Preparing to exit.
[2018.04.18-12.49.06:010][785]LogDirectoryWatcher: A directory notification for 'C:/Users/Victor Weidar/Desktop/GameDev/Scrapbot/FpsRobotgame/FpsRobotgame/Content/' was aborted.
[2018.04.18-12.49.06:028][785]LogExit: Editor shut down
[2018.04.18-12.49.06:034][785]LogExit: Transaction tracking system shut down
[2018.04.18-12.49.06:174][785]LogDirectoryWatcher: A directory notification for '../../../Engine/Content/' was aborted.
[2018.04.18-12.49.06:174][785]LogDirectoryWatcher: A directory notification for '../../../../../../Users/Victor Weidar/Desktop/GameDev/Scrapbot/FpsRobotgame/FpsRobotgame/Content/' was aborted.
[2018.04.18-12.49.06:174][785]LogDirectoryWatcher: A directory notification for '../../../Engine/Plugins/2D/Paper2D/Content/' was aborted.
[2018.04.18-12.49.06:174][785]LogDirectoryWatcher: A directory notification for '../../../Engine/Plugins/Runtime/Oculus/OculusVR/Content/' was aborted.
[2018.04.18-12.49.06:174][785]LogDirectoryWatcher: A directory notification for '../../../Engine/Plugins/Runtime/Steam/SteamVR/Content/' was aborted.
[2018.04.18-12.49.06:230][785]LogExit: Object subsystem successfully closed.
[2018.04.18-12.49.06:248][785]LogD3D11RHI: Shutdown
[2018.04.18-12.49.06:248][785]LogD3D11RHI: CleanupD3DDevice
[2018.04.18-12.49.06:348][785]LogD3D11RHI: ~FD3D11DynamicRHI
[2018.04.18-12.49.06:374][785]LogModuleManager: Shutting down and abandoning module MovieSceneCapture (534)
[2018.04.18-12.49.06:374][785]LogModuleManager: Shutting down and abandoning module HierarchicalLODOutliner (532)
[2018.04.18-12.49.06:374][785]LogModuleManager: Shutting down and abandoning module SceneOutliner (530)
[2018.04.18-12.49.06:374][785]LogModuleManager: Shutting down and abandoning module AddContentDialog (528)
[2018.04.18-12.49.06:374][785]LogDirectoryWatcher: A directory notification for 'C:/Program Files (x86)/Epic Games/UE_4.17/FeaturePacks/' was aborted.
[2018.04.18-12.49.06:376][785]LogModuleManager: Shutting down and abandoning module WidgetCarousel (527)
[2018.04.18-12.49.06:376][785]LogModuleManager: Shutting down and abandoning module EditorWidgets (524)
[2018.04.18-12.49.06:376][785]LogModuleManager: Shutting down and abandoning module CollectionManager (522)
[2018.04.18-12.49.06:376][785]LogDirectoryWatcher: A directory notification for 'C:/Users/Victor Weidar/Desktop/GameDev/Scrapbot/FpsRobotgame/FpsRobotgame/Content/Collections/' was aborted.
[2018.04.18-12.49.06:376][785]LogDirectoryWatcher: A directory notification for 'C:/Users/Victor Weidar/Desktop/GameDev/Scrapbot/FpsRobotgame/FpsRobotgame/Content/Developers/VictorWeidar/Collections/' was aborted.
[2018.04.18-12.49.06:376][785]LogDirectoryWatcher: A directory notification for 'C:/Users/Victor Weidar/Desktop/GameDev/Scrapbot/FpsRobotgame/FpsRobotgame/Saved/Collections/' was aborted.
[2018.04.18-12.49.06:376][785]LogModuleManager: Shutting down and abandoning module ExternalImagePicker (520)
[2018.04.18-12.49.06:376][785]LogModuleManager: Shutting down and abandoning module StatsViewer (518)
[2018.04.18-12.49.06:376][785]LogModuleManager: Shutting down and abandoning module FoliageEdit (516)
[2018.04.18-12.49.06:376][785]LogModuleManager: Shutting down and abandoning module LandscapeEditor (514)
[2018.04.18-12.49.06:376][785]LogModuleManager: Shutting down and abandoning module MeshPaintMode (512)
[2018.04.18-12.49.06:376][785]LogModuleManager: Shutting down and abandoning module SceneDepthPickerMode (510)
[2018.04.18-12.49.06:377][785]LogModuleManager: Shutting down and abandoning module ActorPickerMode (508)
[2018.04.18-12.49.06:377][785]LogModuleManager: Shutting down and abandoning module GeometryMode (506)
[2018.04.18-12.49.06:377][785]LogModuleManager: Shutting down and abandoning module TextureAlignMode (504)
[2018.04.18-12.49.06:377][785]LogModuleManager: Shutting down and abandoning module BspMode (502)
[2018.04.18-12.49.06:377][785]LogModuleManager: Shutting down and abandoning module PIEPreviewDeviceProfileSelector (500)
[2018.04.18-12.49.06:377][785]LogModuleManager: Shutting down and abandoning module HardwareSurvey (498)
[2018.04.18-12.49.06:377][785]LogModuleManager: Shutting down and abandoning module SequenceRecorderSections (496)
[2018.04.18-12.49.06:377][785]LogModuleManager: Shutting down and abandoning module AutomationWorker (494)
[2018.04.18-12.49.06:377][785]LogModuleManager: Shutting down and abandoning module MatineeToLevelSequence (492)
[2018.04.18-12.49.06:377][785]LogModuleManager: Shutting down and abandoning module LevelSequenceEditor (490)
[2018.04.18-12.49.06:377][785]LogModuleManager: Shutting down and abandoning module PlacementMode (489)
[2018.04.18-12.49.06:377][785]LogModuleManager: Shutting down and abandoning module WmfMediaFactory (486)
[2018.04.18-12.49.06:377][785]LogModuleManager: Shutting down and abandoning module WmfMediaEditor (484)
[2018.04.18-12.49.06:377][785]LogModuleManager: Shutting down and abandoning module AvfMediaFactory (482)
[2018.04.18-12.49.06:377][785]LogModuleManager: Shutting down and abandoning module AvfMediaEditor (480)
[2018.04.18-12.49.06:377][785]LogModuleManager: Shutting down and abandoning module AndroidMediaFactory (478)
[2018.04.18-12.49.06:377][785]LogModuleManager: Shutting down and abandoning module Media (477)
[2018.04.18-12.49.06:377][785]LogModuleManager: Shutting down and abandoning module AndroidMediaEditor (474)
[2018.04.18-12.49.06:377][785]LogModuleManager: Shutting down and abandoning module CharacterAI (472)
[2018.04.18-12.49.06:377][785]LogModuleManager: Shutting down and abandoning module AudioCapture (470)
[2018.04.18-12.49.06:377][785]LogModuleManager: Shutting down and abandoning module SequenceRecorder (469)
[2018.04.18-12.49.06:377][785]LogModuleManager: Shutting down and abandoning module SmartSnapping (466)
[2018.04.18-12.49.06:377][785]LogModuleManager: Shutting down and abandoning module SessionServices (464)
[2018.04.18-12.49.06:377][785]LogModuleManager: Shutting down and abandoning module ViewportSnapping (462)
[2018.04.18-12.49.06:377][785]LogModuleManager: Shutting down and abandoning module ViewportInteraction (460)
[2018.04.18-12.49.06:377][785]LogModuleManager: Shutting down and abandoning module ClothPainter (458)
[2018.04.18-12.49.06:377][785]LogModuleManager: Shutting down and abandoning module LogVisualizer (456)
[2018.04.18-12.49.06:377][785]LogModuleManager: Shutting down and abandoning module IntroTutorials (454)
[2018.04.18-12.49.06:377][785]LogModuleManager: Shutting down and abandoning module GameProjectGeneration (453)
[2018.04.18-12.49.06:377][785]LogModuleManager: Shutting down and abandoning module IOSPlatformEditor (450)
[2018.04.18-12.49.06:377][785]LogModuleManager: Shutting down and abandoning module HTML5PlatformEditor (448)
[2018.04.18-12.49.06:377][785]LogModuleManager: Shutting down and abandoning module AndroidPlatformEditor (446)
[2018.04.18-12.49.06:377][785]LogModuleManager: Shutting down and abandoning module AndroidDeviceDetection (445)
[2018.04.18-12.49.07:244][785]LogModuleManager: Shutting down and abandoning module WindowsPlatformEditor (442)
[2018.04.18-12.49.07:244][785]LogModuleManager: Shutting down and abandoning module IOSRuntimeSettings (440)
[2018.04.18-12.49.07:244][785]LogModuleManager: Shutting down and abandoning module AndroidRuntimeSettings (438)
[2018.04.18-12.49.07:244][785]LogModuleManager: Shutting down and abandoning module InputBindingEditor (436)
[2018.04.18-12.49.07:244][785]LogModuleManager: Shutting down and abandoning module MergeActors (434)
[2018.04.18-12.49.07:244][785]LogModuleManager: Shutting down and abandoning module SizeMap (432)
[2018.04.18-12.49.07:244][785]LogModuleManager: Shutting down and abandoning module TreeMap (430)
[2018.04.18-12.49.07:244][785]LogModuleManager: Shutting down and abandoning module ReferenceViewer (428)
[2018.04.18-12.49.07:244][785]LogModuleManager: Shutting down and abandoning module LocalizationDashboard (426)
[2018.04.18-12.49.07:244][785]LogModuleManager: Shutting down and abandoning module LocalizationService (425)
[2018.04.18-12.49.07:245][785]LogModuleManager: Shutting down and abandoning module HardwareTargeting (422)
[2018.04.18-12.49.07:245][785]LogModuleManager: Shutting down and abandoning module DeviceProfileEditor (420)
[2018.04.18-12.49.07:245][785]LogModuleManager: Shutting down and abandoning module UndoHistory (418)
[2018.04.18-12.49.07:245][785]LogModuleManager: Shutting down and abandoning module XmlParser (416)
[2018.04.18-12.49.07:245][785]LogModuleManager: Shutting down and abandoning module Blutility (414)
[2018.04.18-12.49.07:245][785]LogModuleManager: Shutting down and abandoning module ProjectSettingsViewer (412)
[2018.04.18-12.49.07:245][785]LogModuleManager: Shutting down and abandoning module ProjectTargetPlatformEditor (411)
[2018.04.18-12.49.07:245][785]LogModuleManager: Shutting down and abandoning module EditorSettingsViewer (408)
[2018.04.18-12.49.07:245][785]LogModuleManager: Shutting down and abandoning module SettingsEditor (406)
[2018.04.18-12.49.07:245][785]LogModuleManager: Shutting down and abandoning module ProjectLauncher (404)
[2018.04.18-12.49.07:245][785]LogModuleManager: Shutting down and abandoning module SessionFrontend (402)
[2018.04.18-12.49.07:245][785]LogModuleManager: Shutting down and abandoning module ProfilerClient (400)
[2018.04.18-12.49.07:245][785]LogModuleManager: Shutting down and abandoning module DeviceManager (398)
[2018.04.18-12.49.07:245][785]LogModuleManager: Shutting down and abandoning module TargetDeviceServices (397)
[2018.04.18-12.49.07:297][785]LogModuleManager: Shutting down and abandoning module AutomationController (394)
[2018.04.18-12.49.07:297][785]LogModuleManager: Shutting down and abandoning module AutomationWindow (392)
[2018.04.18-12.49.07:297][785]LogModuleManager: Shutting down and abandoning module Layers (390)
[2018.04.18-12.49.07:297][785]LogModuleManager: Shutting down and abandoning module ComponentVisualizers (388)
[2018.04.18-12.49.07:297][785]LogModuleManager: Shutting down and abandoning module DetailCustomizations (386)
[2018.04.18-12.49.07:297][785]LogModuleManager: Shutting down and abandoning module PackagesDialog (384)
[2018.04.18-12.49.07:297][785]LogModuleManager: Shutting down and abandoning module Persona (382)
[2018.04.18-12.49.07:298][785]LogModuleManager: Shutting down and abandoning module AdvancedPreviewScene (381)
[2018.04.18-12.49.07:298][785]LogModuleManager: Shutting down and abandoning module AnimGraph (379)
[2018.04.18-12.49.07:298][785]LogModuleManager: Shutting down and abandoning module Kismet (376)
[2018.04.18-12.49.07:298][785]LogModuleManager: Shutting down and abandoning module ClassViewer (374)
[2018.04.18-12.49.07:298][785]LogModuleManager: Shutting down and abandoning module Toolbox (372)
[2018.04.18-12.49.07:298][785]LogModuleManager: Shutting down and abandoning module ModuleUI (370)
[2018.04.18-12.49.07:298][785]LogModuleManager: Shutting down and abandoning module MovieSceneTools (368)
[2018.04.18-12.49.07:298][785]LogModuleManager: Shutting down and abandoning module OutputLog (366)
[2018.04.18-12.49.07:298][785]LogModuleManager: Shutting down and abandoning module GammaUI (364)
[2018.04.18-12.49.07:298][785]LogModuleManager: Shutting down and abandoning module Documentation (362)
[2018.04.18-12.49.07:298][785]LogModuleManager: Shutting down and abandoning module MovieSceneTracks (360)
[2018.04.18-12.49.07:298][785]LogModuleManager: Shutting down and abandoning module MovieScene (358)
[2018.04.18-12.49.07:298][785]LogModuleManager: Shutting down and abandoning module Niagara (356)
[2018.04.18-12.49.07:298][785]LogModuleManager: Shutting down and abandoning module NiagaraEditor (355)
[2018.04.18-12.49.07:298][785]LogModuleManager: Shutting down and abandoning module StreamingPauseRendering (352)
[2018.04.18-12.49.07:298][785]LogModuleManager: Shutting down and abandoning module LauncherPlatform (350)
[2018.04.18-12.49.07:298][785]LogModuleManager: Shutting down and abandoning module AnalyticsET (348)
[2018.04.18-12.49.07:298][785]LogModuleManager: Shutting down and abandoning module PortalServices (346)
[2018.04.18-12.49.07:298][785]LogModuleManager: Shutting down and abandoning module PortalRpc (344)
[2018.04.18-12.49.07:298][785]LogModuleManager: Shutting down and abandoning module MessagingRpc (342)
[2018.04.18-12.49.07:298][785]LogModuleManager: Shutting down and abandoning module AIModule (340)
[2018.04.18-12.49.07:299][785]LogModuleManager: Shutting down and abandoning module GameplayDebugger (339)
[2018.04.18-12.49.07:299][785]LogModuleManager: Shutting down and abandoning module AITestSuite (337)
[2018.04.18-12.49.07:299][785]LogModuleManager: Shutting down and abandoning module ProfilerService (334)
[2018.04.18-12.49.07:439][785]LogModuleManager: Shutting down and abandoning module TaskGraph (332)
[2018.04.18-12.49.07:439][785]LogModuleManager: Shutting down and abandoning module SteamVRController (330)
[2018.04.18-12.49.07:439][785]LogModuleManager: Shutting down and abandoning module ProceduralMeshComponentEditor (328)
[2018.04.18-12.49.07:439][785]LogModuleManager: Shutting down and abandoning module ProceduralMeshComponent (326)
[2018.04.18-12.49.07:439][785]LogModuleManager: Shutting down and abandoning module OculusInput (324)
[2018.04.18-12.49.07:439][785]LogModuleManager: Shutting down and abandoning module MobilePatchingUtils (322)
[2018.04.18-12.49.07:439][785]LogModuleManager: Shutting down and abandoning module CustomMeshComponent (320)
[2018.04.18-12.49.07:439][785]LogModuleManager: Shutting down and abandoning module CableComponent (318)
[2018.04.18-12.49.07:439][785]LogModuleManager: Shutting down and abandoning module ArchVisCharacter (316)
[2018.04.18-12.49.07:439][785]LogModuleManager: Shutting down and abandoning module AndroidPermission (314)
[2018.04.18-12.49.07:439][785]LogModuleManager: Shutting down and abandoning module MediaPlayerEditor (310)
[2018.04.18-12.49.07:440][785]LogModuleManager: Shutting down and abandoning module HTML5Networking (308)
[2018.04.18-12.49.07:440][785]LogModuleManager: Shutting down and abandoning module AlembicImporter (306)
[2018.04.18-12.49.07:440][785]LogModuleManager: Shutting down and abandoning module AlembicLibrary (305)
[2018.04.18-12.49.07:440][785]LogModuleManager: Shutting down and abandoning module GeometryCache (304)
[2018.04.18-12.49.07:440][785]LogModuleManager: Shutting down and abandoning module GeometryCacheEd (303)
[2018.04.18-12.49.07:440][785]LogModuleManager: Shutting down and abandoning module SpeedTreeImporter (298)
[2018.04.18-12.49.07:440][785]LogModuleManager: Shutting down and abandoning module PluginBrowser (296)
[2018.04.18-12.49.07:440][785]LogModuleManager: Shutting down and abandoning module MobileLauncherProfileWizard (294)
[2018.04.18-12.49.07:440][785]LogModuleManager: Shutting down and abandoning module VisualStudioSourceCodeAccess (292)
[2018.04.18-12.49.07:440][785]LogModuleManager: Shutting down and abandoning module DesktopPlatform (291)
[2018.04.18-12.49.07:440][785]LogModuleManager: Shutting down and abandoning module UObjectPlugin (288)
[2018.04.18-12.49.07:440][785]LogModuleManager: Shutting down and abandoning module SubversionSourceControl (286)
[2018.04.18-12.49.07:440][785]LogModuleManager: Shutting down and abandoning module PerforceSourceControl (284)
[2018.04.18-12.49.07:440][785]LogModuleManager: Shutting down and abandoning module GitSourceControl (282)
[2018.04.18-12.49.07:440][785]LogModuleManager: Shutting down and abandoning module SourceControl (281)
[2018.04.18-12.49.07:440][785]LogModuleManager: Shutting down and abandoning module LightPropagationVolumeEditor (278)
[2018.04.18-12.49.07:440][785]LogModuleManager: Shutting down and abandoning module PaperTiledImporter (276)
[2018.04.18-12.49.07:440][785]LogModuleManager: Shutting down and abandoning module PaperSpriteSheetImporter (274)
[2018.04.18-12.49.07:440][785]LogModuleManager: Shutting down and abandoning module Paper2DEditor (272)
[2018.04.18-12.49.07:441][785]LogModuleManager: Shutting down and abandoning module MeshPaint (271)
[2018.04.18-12.49.07:441][785]LogModuleManager: Shutting down and abandoning module LevelEditor (269)
[2018.04.18-12.49.07:442][785]LogModuleManager: Shutting down and abandoning module PixelInspectorModule (268)
[2018.04.18-12.49.07:442][785]LogModuleManager: Shutting down and abandoning module MainFrame (266)
[2018.04.18-12.49.07:442][785]LogModuleManager: Shutting down and abandoning module HotReload (265)
[2018.04.18-12.49.07:442][785]LogModuleManager: Shutting down and abandoning module RuntimePhysXCooking (260)
[2018.04.18-12.49.07:442][785]LogModuleManager: Shutting down and abandoning module PhysXVehiclesEditor (258)
[2018.04.18-12.49.07:443][785]LogModuleManager: Shutting down and abandoning module PhysXVehicles (256)
[2018.04.18-12.49.07:443][785]LogModuleManager: Shutting down and abandoning module OculusEditor (254)
[2018.04.18-12.49.07:443][785]LogModuleManager: Shutting down and abandoning module LocationServicesBPLibrary (252)
[2018.04.18-12.49.07:443][785]LogModuleManager: Shutting down and abandoning module ImmediatePhysicsEditor (250)
[2018.04.18-12.49.07:443][785]LogModuleManager: Shutting down and abandoning module ImmediatePhysics (248)
[2018.04.18-12.49.07:443][785]LogModuleManager: Shutting down and abandoning module UdpMessaging (246)
[2018.04.18-12.49.07:543][785]LogModuleManager: Shutting down and abandoning module TcpMessaging (244)
[2018.04.18-12.49.07:643][785]LogModuleManager: Shutting down and abandoning module GameplayTagsEditor (242)
[2018.04.18-12.49.07:643][785]LogModuleManager: Shutting down and abandoning module FacialAnimationEditor (240)
[2018.04.18-12.49.07:643][785]LogModuleManager: Shutting down and abandoning module FacialAnimation (238)
[2018.04.18-12.49.07:643][785]LogModuleManager: Shutting down and abandoning module AssetManagerEditor (236)
[2018.04.18-12.49.07:643][785]LogModuleManager: Shutting down and abandoning module GraphEditor (235)
[2018.04.18-12.49.07:643][785]LogModuleManager: Shutting down and abandoning module ContentBrowser (233)
[2018.04.18-12.49.07:645][785]LogModuleManager: Shutting down and abandoning module LightPropagationVolumeRuntime (230)
[2018.04.18-12.49.07:645][785]LogModuleManager: Shutting down and abandoning module Paper2D (228)
[2018.04.18-12.49.07:645][785]LogModuleManager: Shutting down and abandoning module WindowsMoviePlayer (226)
[2018.04.18-12.49.07:645][785]LogModuleManager: Shutting down and abandoning module WmfMedia (224)
[2018.04.18-12.49.07:657][785]LogModuleManager: Shutting down and abandoning module PacketHandler (222)
[2018.04.18-12.49.07:658][785]LogModuleManager: Shutting down and abandoning module ClothingSystemEditor (220)
[2018.04.18-12.49.07:658][785]LogModuleManager: Shutting down and abandoning module ClothingSystemRuntime (218)
[2018.04.18-12.49.07:658][785]LogModuleManager: Shutting down and abandoning module Overlay (216)
[2018.04.18-12.49.07:658][785]LogModuleManager: Shutting down and abandoning module OverlayEditor (215)
[2018.04.18-12.49.07:658][785]LogModuleManager: Shutting down and abandoning module MediaAssets (212)
[2018.04.18-12.49.07:658][785]LogModuleManager: Shutting down and abandoning module VREditor (210)
[2018.04.18-12.49.07:658][785]LogModuleManager: Shutting down and abandoning module StringTableEditor (208)
[2018.04.18-12.49.07:658][785]LogModuleManager: Shutting down and abandoning module GameplayTasksEditor (206)
[2018.04.18-12.49.07:658][785]LogModuleManager: Shutting down and abandoning module BehaviorTreeEditor (204)
[2018.04.18-12.49.07:658][785]LogModuleManager: Shutting down and abandoning module FunctionalTesting (202)
[2018.04.18-12.49.07:658][785]LogModuleManager: Shutting down and abandoning module CollisionAnalyzer (200)
[2018.04.18-12.49.07:658][785]LogModuleManager: Shutting down and abandoning module WorkspaceMenuStructure (199)
[2018.04.18-12.49.07:658][785]LogModuleManager: Shutting down and abandoning module UMG (196)
[2018.04.18-12.49.07:658][785]LogModuleManager: Shutting down and abandoning module UMGEditor (195)
[2018.04.18-12.49.07:658][785]LogModuleManager: Shutting down and abandoning module Sequencer (194)
[2018.04.18-12.49.07:658][785]LogModuleManager: Shutting down and abandoning module MessageLog (191)
[2018.04.18-12.49.07:658][785]LogModuleManager: Shutting down and abandoning module SlateReflector (186)
[2018.04.18-12.49.07:658][785]LogModuleManager: Shutting down and abandoning module Slate (184)
[2018.04.18-12.49.07:658][785]LogModuleManager: Shutting down and abandoning module EditorStyle (182)
[2018.04.18-12.49.07:662][785]LogModuleManager: Shutting down and abandoning module MRMesh (180)
[2018.04.18-12.49.07:662][785]LogModuleManager: Shutting down and abandoning module SourceCodeAccess (178)
[2018.04.18-12.49.07:662][785]LogModuleManager: Shutting down and abandoning module HeadMountedDisplay (176)
[2018.04.18-12.49.07:662][785]LogModuleManager: Shutting down and abandoning module XAudio2 (174)
[2018.04.18-12.49.07:662][785]LogModuleManager: Shutting down and abandoning module Networking (172)
[2018.04.18-12.49.07:662][785]LogModuleManager: Shutting down and abandoning module Core (168)
[2018.04.18-12.49.07:662][785]LogModuleManager: Shutting down and abandoning module KismetCompiler (164)
[2018.04.18-12.49.07:662][785]LogModuleManager: Shutting down and abandoning module LevelSequence (162)
[2018.04.18-12.49.07:662][785]LogModuleManager: Shutting down and abandoning module MeshUtilities (160)
[2018.04.18-12.49.07:662][785]LogModuleManager: Shutting down and abandoning module MeshMergeUtilities (159)
[2018.04.18-12.49.07:662][785]LogModuleManager: Shutting down and abandoning module MeshReductionInterface (158)
[2018.04.18-12.49.07:662][785]LogModuleManager: Shutting down and abandoning module SimplygonSwarm (157)
[2018.04.18-12.49.07:662][785]LogModuleManager: Shutting down and abandoning module SimplygonMeshReduction (155)
[2018.04.18-12.49.07:662][785]LogModuleManager: Shutting down and abandoning module QuadricMeshReduction (153)
[2018.04.18-12.49.07:662][785]LogModuleManager: Shutting down and abandoning module MaterialBaking (149)
[2018.04.18-12.49.07:662][785]LogModuleManager: Shutting down and abandoning module DirectoryWatcher (146)
[2018.04.18-12.49.07:663][785]LogModuleManager: Shutting down and abandoning module DerivedDataCache (144)
[2018.04.18-12.49.07:743][785]LogDerivedDataCache: Shutdown
[2018.04.18-12.49.07:743][785]LogModuleManager: Shutting down and abandoning module TargetPlatform (142)
[2018.04.18-12.49.07:743][785]LogModuleManager: Shutting down and abandoning module VulkanShaderFormat (141)
[2018.04.18-12.49.07:743][785]LogModuleManager: Shutting down and abandoning module ShaderFormatVectorVM (139)
[2018.04.18-12.49.07:743][785]LogModuleManager: Shutting down and abandoning module ShaderFormatOpenGL (137)
[2018.04.18-12.49.07:743][785]LogModuleManager: Shutting down and abandoning module ShaderFormatD3D (135)
[2018.04.18-12.49.07:743][785]LogModuleManager: Shutting down and abandoning module MetalShaderFormat (133)
[2018.04.18-12.49.07:743][785]LogModuleManager: Shutting down and abandoning module TextureFormatUncompressed (131)
[2018.04.18-12.49.07:743][785]LogModuleManager: Shutting down and abandoning module TextureFormatPVR (129)
[2018.04.18-12.49.07:743][785]LogModuleManager: Shutting down and abandoning module TextureFormatDXT (127)
[2018.04.18-12.49.07:743][785]LogModuleManager: Shutting down and abandoning module TextureFormatIntelISPCTexComp (125)
[2018.04.18-12.49.07:743][785]LogModuleManager: Shutting down and abandoning module TextureFormatASTC (123)
[2018.04.18-12.49.07:743][785]LogModuleManager: Shutting down and abandoning module ImageWrapper (122)
[2018.04.18-12.49.07:743][785]LogModuleManager: Shutting down and abandoning module TextureFormatAndroid (119)
[2018.04.18-12.49.07:743][785]LogModuleManager: Shutting down and abandoning module AudioFormatOpus (117)
[2018.04.18-12.49.07:743][785]LogModuleManager: Shutting down and abandoning module AudioFormatOgg (115)
[2018.04.18-12.49.07:743][785]LogModuleManager: Shutting down and abandoning module AudioFormatADPCM (113)
[2018.04.18-12.49.07:743][785]LogModuleManager: Shutting down and abandoning module LinuxTargetPlatform (111)
[2018.04.18-12.49.07:743][785]LogModuleManager: Shutting down and abandoning module LinuxServerTargetPlatform (109)
[2018.04.18-12.49.07:743][785]LogModuleManager: Shutting down and abandoning module LinuxNoEditorTargetPlatform (107)
[2018.04.18-12.49.07:743][785]LogModuleManager: Shutting down and abandoning module LinuxClientTargetPlatform (105)
[2018.04.18-12.49.07:743][785]LogModuleManager: Shutting down and abandoning module TVOSTargetPlatform (103)
[2018.04.18-12.49.07:743][785]LogModuleManager: Shutting down and abandoning module Messaging (101)
[2018.04.18-12.49.07:743][785]LogModuleManager: Shutting down and abandoning module IOSTargetPlatform (99)
[2018.04.18-12.49.07:743][785]LogModuleManager: Shutting down and abandoning module HTML5TargetPlatform (97)
[2018.04.18-12.49.07:743][785]LogModuleManager: Shutting down and abandoning module Android_PVRTCTargetPlatform (95)
[2018.04.18-12.49.07:743][785]LogModuleManager: Shutting down and abandoning module Android_MultiTargetPlatform (93)
[2018.04.18-12.49.07:743][785]LogModuleManager: Shutting down and abandoning module Android_ETC2TargetPlatform (91)
[2018.04.18-12.49.07:743][785]LogModuleManager: Shutting down and abandoning module Android_ETC1TargetPlatform (89)
[2018.04.18-12.49.07:743][785]LogModuleManager: Shutting down and abandoning module Android_DXTTargetPlatform (87)
[2018.04.18-12.49.07:743][785]LogModuleManager: Shutting down and abandoning module Android_ATCTargetPlatform (85)
[2018.04.18-12.49.07:743][785]LogModuleManager: Shutting down and abandoning module Android_ASTCTargetPlatform (83)
[2018.04.18-12.49.07:744][785]LogModuleManager: Shutting down and abandoning module AndroidTargetPlatform (81)
[2018.04.18-12.49.07:744][785]LogModuleManager: Shutting down and abandoning module WindowsTargetPlatform (79)
[2018.04.18-12.49.07:744][785]LogModuleManager: Shutting down and abandoning module WindowsServerTargetPlatform (77)
[2018.04.18-12.49.07:744][785]LogModuleManager: Shutting down and abandoning module WindowsNoEditorTargetPlatform (75)
[2018.04.18-12.49.07:744][785]LogModuleManager: Shutting down and abandoning module WindowsClientTargetPlatform (73)
[2018.04.18-12.49.07:744][785]LogModuleManager: Shutting down and abandoning module MacTargetPlatform (71)
[2018.04.18-12.49.07:744][785]LogModuleManager: Shutting down and abandoning module MacServerTargetPlatform (69)
[2018.04.18-12.49.07:744][785]LogModuleManager: Shutting down and abandoning module MacNoEditorTargetPlatform (67)
[2018.04.18-12.49.07:744][785]LogModuleManager: Shutting down and abandoning module MacClientTargetPlatform (65)
[2018.04.18-12.49.07:744][785]LogModuleManager: Shutting down and abandoning module AllDesktopTargetPlatform (63)
[2018.04.18-12.49.07:744][785]LogModuleManager: Shutting down and abandoning module InputCore (60)
[2018.04.18-12.49.07:744][785]LogModuleManager: Shutting down and abandoning module Settings (58)
[2018.04.18-12.49.07:744][785]LogModuleManager: Shutting down and abandoning module PhysXCooking (56)
[2018.04.18-12.49.07:744][785]LogModuleManager: Shutting down and abandoning module SteamVR (54)
[2018.04.18-12.49.07:744][785]LogModuleManager: Shutting down and abandoning module OculusHMD (52)
[2018.04.18-12.49.07:744][785]LogModuleManager: Shutting down and abandoning module ExampleDeviceProfileSelector (50)
[2018.04.18-12.49.07:744][785]LogModuleManager: Shutting down and abandoning module OnlineBlueprintSupport (48)
[2018.04.18-12.49.07:744][785]LogModuleManager: Shutting down and abandoning module OnlineSubsystem (44)
[2018.04.18-12.49.07:744][785]LogOnline: Display: Unloading online subsystem: NULL
[2018.04.18-12.49.07:744][785]LogModuleManager: Shutting down and abandoning module XMPP (43)
[2018.04.18-12.49.07:744][785]LogModuleManager: Shutting down and abandoning module HTTP (41)
[2018.04.18-12.49.07:744][785]LogHttp: Display: Http module shutting down, but needs to wait on 1 outstanding Http requests:
[2018.04.18-12.49.07:744][785]LogHttp: Display: 	verb=[POST] url=[https://datarouter.ol.epicgames.com/datarouter/api/v1/public/data?SessionID=%7B00A45F47-4E59-8577-3E6D-89995C8F9413%7D&AppID=UEEditor.Rocket.Release&AppVersion=4.17.2-3658906%2B%2B%2BUE4%2BRelease-4.17&UserID=52c09b674ff570e465a91c84e5b3e90a%7C576142a7ce4e41a4a4c4bf69e2f1ce98%7C644e0ae4-f221-42dd-b828-8b6eaba0659c&AppEnvironment=datacollector-binary&UploadType=eteventstream] status=Processing
[2018.04.18-12.49.07:753][785]LogModuleManager: Shutting down and abandoning module SSL (40)
[2018.04.18-12.49.07:754][785]LogModuleManager: Shutting down and abandoning module AnimationModifiers (36)
[2018.04.18-12.49.07:754][785]LogModuleManager: Shutting down and abandoning module PropertyEditor (35)
[2018.04.18-12.49.07:754][785]LogModuleManager: Shutting down and abandoning module AudioEditor (32)
[2018.04.18-12.49.07:754][785]LogModuleManager: Shutting down and abandoning module TextureCompressor (30)
[2018.04.18-12.49.07:754][785]LogModuleManager: Shutting down and abandoning module ShaderCore (28)
[2018.04.18-12.49.07:754][785]LogModuleManager: Shutting down and abandoning module Landscape (26)
[2018.04.18-12.49.07:754][785]LogModuleManager: Shutting down and abandoning module SlateRHIRenderer (24)
[2018.04.18-12.49.07:755][785]LogModuleManager: Shutting down and abandoning module OpenGLDrv (22)
[2018.04.18-12.49.07:756][785]LogModuleManager: Shutting down and abandoning module D3D11RHI (20)
[2018.04.18-12.49.07:756][785]LogModuleManager: Shutting down and abandoning module AnimGraphRuntime (18)
[2018.04.18-12.49.07:756][785]LogModuleManager: Shutting down and abandoning module Renderer (16)
[2018.04.18-12.49.07:756][785]LogModuleManager: Shutting down and abandoning module Engine (14)
[2018.04.18-12.49.07:756][785]LogModuleManager: Shutting down and abandoning module CoreUObject (12)
[2018.04.18-12.49.07:756][785]LogModuleManager: Shutting down and abandoning module NetworkFile (10)
[2018.04.18-12.49.07:756][785]LogModuleManager: Shutting down and abandoning module CookedIterativeFile (8)
[2018.04.18-12.49.07:756][785]LogModuleManager: Shutting down and abandoning module StreamingFile (6)
[2018.04.18-12.49.07:756][785]LogModuleManager: Shutting down and abandoning module SandboxFile (4)
[2018.04.18-12.49.07:756][785]LogModuleManager: Shutting down and abandoning module PakFile (2)
[2018.04.18-12.49.07:761][785]LogExit: Exiting.
[2018.04.18-12.49.07:771][785]Log file closed, 04/18/18 22:49:07
