Log file open, 10/04/17 12:25:43
LogWindows: Failed to load 'aqProf.dll' (GetLastError=126)
LogWindows: File 'aqProf.dll' does not exist
LogWindows: Failed to load 'VtuneApi.dll' (GetLastError=126)
LogWindows: File 'VtuneApi.dll' does not exist
LogWindows: Failed to load 'VtuneApi32e.dll' (GetLastError=126)
LogWindows: File 'VtuneApi32e.dll' does not exist
LogInit: Display: Running engine for game: FPSTemplate
LogPlatformFile: Not using cached read wrapper
LogInit: Display: RandInit(1694199107) SRandInit(1694199107).
LogTaskGraph: Started task graph with 5 named threads and 14 total threads with 3 sets of task threads.
LogStats: Stats thread started at 0.178664
LogD3D11RHI: Aftermath initialized
LogPluginManager: Mounting plugin Paper2D
LogPluginManager: Mounting plugin LightPropagationVolume
LogPluginManager: Mounting plugin CodeLiteSourceCodeAccess
LogPluginManager: Mounting plugin GitSourceControl
LogPluginManager: Mounting plugin KDevelopSourceCodeAccess
LogPluginManager: Mounting plugin NullSourceCodeAccess
LogPluginManager: Mounting plugin PerforceSourceControl
LogPluginManager: Mounting plugin SubversionSourceControl
LogPluginManager: Mounting plugin UObjectPlugin
LogPluginManager: Mounting plugin VisualStudioSourceCodeAccess
LogPluginManager: Mounting plugin XCodeSourceCodeAccess
LogPluginManager: Mounting plugin AssetManagerEditor
LogPluginManager: Mounting plugin AudioCapture
LogPluginManager: Mounting plugin FacialAnimation
LogPluginManager: Mounting plugin GameplayTagsEditor
LogPluginManager: Mounting plugin MobileLauncherProfileWizard
LogPluginManager: Mounting plugin PluginBrowser
LogPluginManager: Mounting plugin SpeedTreeImporter
LogPluginManager: Mounting plugin AlembicImporter
LogPluginManager: Mounting plugin CharacterAI
LogPluginManager: Mounting plugin HTML5Networking
LogPluginManager: Mounting plugin AndroidMedia
LogPluginManager: Mounting plugin AvfMedia
LogPluginManager: Mounting plugin MediaPlayerEditor
LogPluginManager: Mounting plugin WmfMedia
LogPluginManager: Mounting plugin TcpMessaging
LogPluginManager: Mounting plugin UdpMessaging
LogPluginManager: Mounting plugin LevelSequenceEditor
LogPluginManager: Mounting plugin MatineeToLevelSequence
LogPluginManager: Mounting plugin OnlineSubsystemGooglePlay
LogPluginManager: Mounting plugin OnlineSubsystemIOS
LogPluginManager: Mounting plugin OnlineSubsystem
LogPluginManager: Mounting plugin OnlineSubsystemNull
LogPluginManager: Mounting plugin OnlineSubsystemUtils
LogPluginManager: Mounting plugin AndroidDeviceProfileSelector
LogPluginManager: Mounting plugin AndroidMoviePlayer
LogPluginManager: Mounting plugin AndroidPermission
LogPluginManager: Mounting plugin AppleMoviePlayer
LogPluginManager: Mounting plugin ArchVisCharacter
LogPluginManager: Mounting plugin CableComponent
LogPluginManager: Mounting plugin CustomMeshComponent
LogPluginManager: Mounting plugin ExampleDeviceProfileSelector
LogPluginManager: Mounting plugin GoogleCloudMessaging
LogPluginManager: Mounting plugin ImmediatePhysics
LogPluginManager: Mounting plugin IOSDeviceProfileSelector
LogPluginManager: Mounting plugin LinuxDeviceProfileSelector
LogPluginManager: Mounting plugin LocationServicesBPLibrary
LogPluginManager: Mounting plugin MobilePatchingUtils
LogPluginManager: Mounting plugin OculusVR
LogPluginManager: Mounting plugin PhysXVehicles
LogPluginManager: Mounting plugin ProceduralMeshComponent
LogPluginManager: Mounting plugin RuntimePhysXCooking
LogPluginManager: Mounting plugin SteamVR
LogPluginManager: Mounting plugin WindowsMoviePlayer
LogInit: Using libcurl 7.47.1
LogInit:  - built for x86_64-pc-win32
LogInit:  - supports SSL with OpenSSL/1.0.2g
LogInit:  - supports HTTP deflate (compression) using libz 1.2.8
LogInit:  - other features:
LogInit:      CURL_VERSION_SSL
LogInit:      CURL_VERSION_LIBZ
LogInit:      CURL_VERSION_IPV6
LogInit:      CURL_VERSION_ASYNCHDNS
LogInit:      CURL_VERSION_LARGEFILE
LogInit:      CURL_VERSION_IDN
LogInit:  CurlRequestOptions (configurable via config and command line):
LogInit:  - bVerifyPeer = false  - Libcurl will NOT verify peer certificate
LogInit:  - bUseHttpProxy = false  - Libcurl will NOT use HTTP proxy
LogInit:  - bDontReuseConnections = false  - Libcurl will reuse connections
LogInit:  - CertBundlePath = nullptr  - Libcurl will use whatever was configured at build time.
LogInit: Build: ++UE4+Release-4.17-CL-3658906
LogInit: Engine Version: 4.17.2-3658906+++UE4+Release-4.17
LogInit: Compatible Engine Version: 4.17.0-3573198+++UE4+Release-4.17
LogInit: Net CL: 3573198
LogDevObjectVersion: Number of dev versions registered: 16
LogDevObjectVersion:   Dev-Blueprints (B0D832E4-1F89-4F0D-ACCF-7EB736FD4AA2): 10
LogDevObjectVersion:   Dev-Build (E1C64328-A22C-4D53-A36C-8E866417BD8C): 0
LogDevObjectVersion:   Dev-Core (375EC13C-06E4-48FB-B500-84F0262A717E): 2
LogDevObjectVersion:   Dev-Editor (E4B068ED-F494-42E9-A231-DA0B2E46BB41): 20
LogDevObjectVersion:   Dev-Framework (CFFC743F-43B0-4480-9391-14DF171D2073): 28
LogDevObjectVersion:   Dev-Mobile (B02B49B5-BB20-44E9-A304-32B752E40360): 0
LogDevObjectVersion:   Dev-Networking (A4E4105C-59A1-49B5-A7C5-40C4547EDFEE): 0
LogDevObjectVersion:   Dev-Online (39C831C9-5AE6-47DC-9A44-9C173E1C8E7C): 0
LogDevObjectVersion:   Dev-Physics (78F01B33-EBEA-4F98-B9B4-84EACCB95AA2): 0
LogDevObjectVersion:   Dev-Platform (6631380F-2D4D-43E0-8009-CF276956A95A): 0
LogDevObjectVersion:   Dev-Rendering (12F88B9F-8875-4AFC-A67C-D90C383ABD29): 19
LogDevObjectVersion:   Dev-Sequencer (7B5AE74C-D270-4C10-A958-57980B212A5A): 4
LogDevObjectVersion:   Dev-VR (D7296918-1DD6-4BDD-9DE2-64A83CC13884): 0
LogDevObjectVersion:   Dev-LoadTimes (C2A15278-BFE7-4AFE-6C17-90FF531DF755): 1
LogDevObjectVersion:   Private-Geometry (6EACA3D4-40EC-4CC1-B786-8BED09428FC5): 1
LogDevObjectVersion:   Dev-AnimPhys (29E575DD-E0A3-4627-9D10-D276232CDCEA): 7
LogInit: Compiled (64-bit): Sep 22 2017 13:47:16
LogInit: Compiled with Visual C++: 19.00.24215.01
LogInit: Build Configuration: Development
LogInit: Branch Name: ++UE4+Release-4.17
LogInit: Command line: -EpicPortal 
LogInit: Base directory: C:/Program Files (x86)/Epic Games/UE_4.17/Engine/Binaries/Win64/
LogInit: Installed Engine Build: 1
LogInit: Presizing for max 8388607 objects, including 0 objects not considered by GC, pre-allocating 0 bytes for permanent pool.
LogInit: Object subsystem initialized
[2017.10.04-02.25.44:641][  0]LogInit: Selected Device Profile: [Windows]
[2017.10.04-02.25.44:641][  0]LogInit: Applying CVar settings loaded from the selected device profile: [Windows]
[2017.10.04-02.25.44:656][  0]LogInit: Computer: DESKTOP-LT914LN
[2017.10.04-02.25.44:656][  0]LogInit: User: VictorWeidar
[2017.10.04-02.25.44:656][  0]LogInit: CPU Page size=4096, Cores=4
[2017.10.04-02.25.44:656][  0]LogInit: High frequency timer resolution =2.531247 MHz
[2017.10.04-02.25.44:656][  0]LogMemory: Memory total: Physical=15.9GB (16GB approx)
[2017.10.04-02.25.44:656][  0]LogMemory: Platform Memory Stats for Windows
[2017.10.04-02.25.44:656][  0]LogMemory: Process Physical Memory: 278.54 MB used, 278.54 MB peak
[2017.10.04-02.25.44:656][  0]LogMemory: Process Virtual Memory: 274.30 MB used, 274.30 MB peak
[2017.10.04-02.25.44:656][  0]LogMemory: Physical Memory: 9310.68 MB used,  7009.13 MB free, 16319.81 MB total
[2017.10.04-02.25.44:656][  0]LogMemory: Virtual Memory: 669.07 MB used,  7009.13 MB free, 134217728.00 MB total
[2017.10.04-02.25.44:850][  0]LogInit: Using OS detected language (en-GB).
[2017.10.04-02.25.44:850][  0]LogInit: Using OS detected locale (en-AU).
[2017.10.04-02.25.44:854][  0]LogTextLocalizationManager: No specific localization for 'en-GB' exists, so the 'en' localization will be used.
[2017.10.04-02.25.45:673][  0]LogD3D11RHI: D3D11 adapters:
[2017.10.04-02.25.45:714][  0]LogD3D11RHI:    0. 'NVIDIA GeForce GTX 1060' (Feature Level 11_0)
[2017.10.04-02.25.45:714][  0]LogD3D11RHI:       6100/0/8159 MB DedicatedVideo/DedicatedSystem/SharedSystem, Outputs:1, VendorId:0x10de
[2017.10.04-02.25.45:715][  0]LogD3D11RHI:    1. 'Microsoft Basic Render Driver' (Feature Level 11_0)
[2017.10.04-02.25.45:715][  0]LogD3D11RHI:       0/0/8159 MB DedicatedVideo/DedicatedSystem/SharedSystem, Outputs:0, VendorId:0x1414
[2017.10.04-02.25.45:715][  0]LogD3D11RHI: Chosen D3D11 Adapter: 0
[2017.10.04-02.25.45:722][  0]LogD3D11RHI: Creating new Direct3DDevice
[2017.10.04-02.25.45:723][  0]LogD3D11RHI:     GPU DeviceId: 0x1c60 (for the marketing name, search the web for "GPU Device Id")
[2017.10.04-02.25.45:723][  0]LogWindows: EnumDisplayDevices:
[2017.10.04-02.25.45:723][  0]LogWindows:    0. 'NVIDIA GeForce GTX 1060' (P:1 D:1)
[2017.10.04-02.25.45:724][  0]LogWindows:    1. 'NVIDIA GeForce GTX 1060' (P:0 D:0)
[2017.10.04-02.25.45:724][  0]LogWindows:    2. 'NVIDIA GeForce GTX 1060' (P:0 D:0)
[2017.10.04-02.25.45:724][  0]LogWindows:    3. 'NVIDIA GeForce GTX 1060' (P:0 D:0)
[2017.10.04-02.25.45:724][  0]LogWindows: DebugString: FoundDriverCount:4 
[2017.10.04-02.25.45:724][  0]LogD3D11RHI:     Adapter Name: NVIDIA GeForce GTX 1060
[2017.10.04-02.25.45:724][  0]LogD3D11RHI:   Driver Version: 376.54 (internal:21.21.13.7654, unified:376.54)
[2017.10.04-02.25.45:724][  0]LogD3D11RHI:      Driver Date: 12-29-2016
[2017.10.04-02.25.45:724][  0]LogRHI: Texture pool is 1361 MB (70% of 1945 MB)
[2017.10.04-02.25.45:746][  0]LogD3D11RHI: Async texture creation enabled
[2017.10.04-02.25.45:756][  0]LogD3D11RHI: GPU Timing Frequency: 1000.000000 (Debug: 2 1)
[2017.10.04-02.25.45:799][  0]LogShaderCompilers: Guid format shader working directory is -21 characters bigger than the processId version (../../../../../../Users/Victor Weidar/Desktop/GameDev/UE4 - FPS/FPSTemplate/Intermediate/Shaders/WorkingDirectory/3252/).
[2017.10.04-02.25.45:799][  0]LogShaderCompilers: Cleaned the shader compiler working directory 'C:/Users/Victor Weidar/AppData/Local/Temp/UnrealShaderWorkingDir/A9148FD947835F042B6BBEA0E489B1AD/'.
[2017.10.04-02.25.45:799][  0]LogShaderCompilers: Display: Using Local Shader Compiler.
[2017.10.04-02.25.46:865][  0]LogTemp: Display: Loaded TP AllDesktopTargetPlatform
[2017.10.04-02.25.46:927][  0]LogTemp: Display: Loaded TP MacClientTargetPlatform
[2017.10.04-02.25.46:990][  0]LogTemp: Display: Loaded TP MacNoEditorTargetPlatform
[2017.10.04-02.25.47:056][  0]LogTemp: Display: Loaded TP MacServerTargetPlatform
[2017.10.04-02.25.47:127][  0]LogTemp: Display: Loaded TP MacTargetPlatform
[2017.10.04-02.25.47:200][  0]LogTemp: Display: Loaded TP WindowsClientTargetPlatform
[2017.10.04-02.25.47:268][  0]LogTemp: Display: Loaded TP WindowsNoEditorTargetPlatform
[2017.10.04-02.25.47:338][  0]LogTemp: Display: Loaded TP WindowsServerTargetPlatform
[2017.10.04-02.25.47:396][  0]LogTemp: Display: Loaded TP WindowsTargetPlatform
[2017.10.04-02.25.47:457][  0]LogTemp: Display: Loaded TP AndroidTargetPlatform
[2017.10.04-02.25.47:518][  0]LogTemp: Display: Loaded TP Android_ASTCTargetPlatform
[2017.10.04-02.25.47:579][  0]LogTemp: Display: Loaded TP Android_ATCTargetPlatform
[2017.10.04-02.25.47:642][  0]LogTemp: Display: Loaded TP Android_DXTTargetPlatform
[2017.10.04-02.25.47:704][  0]LogTemp: Display: Loaded TP Android_ETC1TargetPlatform
[2017.10.04-02.25.47:766][  0]LogTemp: Display: Loaded TP Android_ETC2TargetPlatform
[2017.10.04-02.25.47:889][  0]LogTemp: Display: Loaded TP Android_MultiTargetPlatform
[2017.10.04-02.25.47:889][  0]LogTemp: Display: Loaded TP Android_PVRTCTargetPlatform
[2017.10.04-02.25.47:940][  0]LogTemp: Display: Loaded TP HTML5TargetPlatform
[2017.10.04-02.25.48:050][  0]LogTemp: Display: Loaded TP IOSTargetPlatform
[2017.10.04-02.25.48:085][  0]LogTemp: Display: Loaded TP TVOSTargetPlatform
[2017.10.04-02.25.48:147][  0]LogTemp: Display: Loaded TP LinuxClientTargetPlatform
[2017.10.04-02.25.48:210][  0]LogTemp: Display: Loaded TP LinuxNoEditorTargetPlatform
[2017.10.04-02.25.48:278][  0]LogTemp: Display: Loaded TP LinuxServerTargetPlatform
[2017.10.04-02.25.48:344][  0]LogTemp: Display: Loaded TP LinuxTargetPlatform
[2017.10.04-02.25.48:344][  0]LogTargetPlatformManager: Display: Building Assets For Windows
[2017.10.04-02.25.48:993][  0]LogDerivedDataCache: Display: Max Cache Size: 512 MB
[2017.10.04-02.25.49:114][  0]LogDerivedDataCache: Loaded boot cache 0.12s 93MB C:/Users/Victor Weidar/AppData/Local/UnrealEngine/4.17/DerivedDataCache/Boot.ddc.
[2017.10.04-02.25.49:114][  0]LogDerivedDataCache: Display: Loaded Boot cache: C:/Users/Victor Weidar/AppData/Local/UnrealEngine/4.17/DerivedDataCache/Boot.ddc
[2017.10.04-02.25.49:114][  0]LogDerivedDataCache: FDerivedDataBackendGraph:  Pak pak cache file ../../../../../../Users/Victor Weidar/Desktop/GameDev/UE4 - FPS/FPSTemplate/DerivedDataCache/DDC.ddp not found, will not use a pak cache.
[2017.10.04-02.25.49:114][  0]LogDerivedDataCache: Unable to find inner node Pak for hierarchical cache Hierarchy.
[2017.10.04-02.25.49:115][  0]LogDerivedDataCache: FDerivedDataBackendGraph:  CompressedPak pak cache file ../../../../../../Users/Victor Weidar/Desktop/GameDev/UE4 - FPS/FPSTemplate/DerivedDataCache/Compressed.ddp not found, will not use a pak cache.
[2017.10.04-02.25.49:115][  0]LogDerivedDataCache: Unable to find inner node CompressedPak for hierarchical cache Hierarchy.
[2017.10.04-02.25.49:140][  0]LogDerivedDataCache: Display: Pak cache opened for reading ../../../Engine/DerivedDataCache/Compressed.ddp.
[2017.10.04-02.25.49:153][  0]LogDerivedDataCache: Using Local data cache path C:/Users/Victor Weidar/AppData/Local/UnrealEngine/Common/DerivedDataCache: Writable
[2017.10.04-02.25.49:171][  0]LogMaterial: Verifying Global Shaders for PCD3D_SM5
[2017.10.04-02.25.49:171][  0]LogSlate: Using Freetype 2.6.0
[2017.10.04-02.25.49:172][  0]LogSlate: SlateFontCache - WITH_FREETYPE: 1, WITH_HARFBUZZ: 1
[2017.10.04-02.25.49:172][  0]LogSlate: SlateFontCache - WITH_FREETYPE: 1, WITH_HARFBUZZ: 1
[2017.10.04-02.25.49:529][  0]LogAssetRegistry: FAssetRegistry took 0.0255 seconds to start up
[2017.10.04-02.25.49:684][  0]LogInit: Selected Device Profile: [Windows]
[2017.10.04-02.25.50:210][  0]LogSimplygon: Simplygon DLL not present - disabling.
[2017.10.04-02.25.50:272][  0]LogMeshReduction: Using SimplygonSwarm for distributed automatic mesh merging
[2017.10.04-02.25.50:272][  0]LogMeshReduction: Using QuadricMeshReduction for automatic static mesh reduction
[2017.10.04-02.25.50:272][  0]LogMeshReduction: No automatic skeletal mesh reduction module available
[2017.10.04-02.25.50:272][  0]LogMeshReduction: No automatic mesh merging module available
[2017.10.04-02.25.50:272][  0]LogMeshMerging: No automatic mesh merging module available
[2017.10.04-02.25.50:274][  0]LogContentStreaming: Texture pool size is 0.00 MB
[2017.10.04-02.25.50:808][  0]LogNetVersion: FPSTemplate , NetCL: 3573198, EngineNetVer: 2, GameNetVer: 0 (Checksum: 403352053)
[2017.10.04-02.25.51:121][  0]LogPackageLocalizationCache: Processed 5 localized package path(s) for 2 prioritized culture(s) in 0.073876 seconds
[2017.10.04-02.25.51:128][  0]LogUObjectArray: 35825 objects as part of root set at end of initial load.
[2017.10.04-02.25.51:128][  0]LogUObjectAllocator: 7529112 out of 0 bytes used by permanent object pool.
[2017.10.04-02.25.51:128][  0]LogUObjectArray: CloseDisregardForGC: 0/0 objects in disregard for GC pool
[2017.10.04-02.25.51:216][  0]LogInit: WinSock: version 1.1 (2.2), MaxSocks=32767, MaxUdp=65467
[2017.10.04-02.25.54:732][  0]LogTcpMessaging: Initializing TcpMessaging bridge
[2017.10.04-02.25.54:788][  0]LogUdpMessaging: Initializing bridge on interface 0.0.0.0:0 to multicast group 230.0.0.1:6666.
[2017.10.04-02.25.55:657][  0]LogMaterial: Uniform references updated for custom material expression Custom.
[2017.10.04-02.25.56:193][  0]SourceControl: Source control is disabled
[2017.10.04-02.25.56:193][  0]SourceControl: Source control is disabled
[2017.10.04-02.25.56:259][  0]SourceControl: Source control is disabled
[2017.10.04-02.25.56:326][  0]SourceControl: Source control is disabled
[2017.10.04-02.25.57:124][  0]LogAndroidPermission: UAndroidPermissionCallbackProxy::GetInstance
[2017.10.04-02.25.57:461][  0]LogOcInput: OculusInput pre-init called
[2017.10.04-02.25.57:798][  0]LogEngine: Initializing Engine...
[2017.10.04-02.25.57:800][  0]LogHMD: Failed to initialize OpenVR with code 110
[2017.10.04-02.25.58:066][  0]LogStats: UGameplayTagsManager::ConstructGameplayTagTree: Construct from data asset -  0.000 s
[2017.10.04-02.25.58:066][  0]LogStats: UGameplayTagsManager::ConstructGameplayTagTree: GameplayTagTreeChangedEvent.Broadcast -  0.000 s
[2017.10.04-02.25.58:244][  0]LogAIModule: Creating AISystem for world Untitled
[2017.10.04-02.25.58:252][  0]LogInit: XAudio2 using 'Speakers (Realtek High Definition Audio)' : 2 channels at 48 kHz using 32 bits per sample (channel mask 0x3)
[2017.10.04-02.25.58:292][  0]LogInit: FAudioDevice initialized.
[2017.10.04-02.25.58:401][  0]LogDerivedDataCache: Saved boot cache 0.11s 93MB C:/Users/Victor Weidar/AppData/Local/UnrealEngine/4.17/DerivedDataCache/Boot.ddc.
[2017.10.04-02.25.58:427][  0]LogInit: Texture streaming: Enabled
[2017.10.04-02.25.58:571][  0]LogEngineSessionManager: EngineSessionManager initialized
[2017.10.04-02.25.58:884][  0]LogInit: Transaction tracking system initialized
[2017.10.04-02.25.59:316][  0]BlueprintLog: New page: Editor Load
[2017.10.04-02.26.00:556][  0]LocalizationService: Localization service is disabled
[2017.10.04-02.26.01:516][  0]LogConsoleResponse: Display: 
[2017.10.04-02.26.01:752][  0]LogFileCache: Scanning file cache for directory 'C:/Users/Victor Weidar/Desktop/GameDev/UE4 - FPS/FPSTemplate/Content/' took 0.01s
[2017.10.04-02.26.01:752][  0]LogCook: Display: Max memory allowance for cook 16384mb min free memory 0mb
[2017.10.04-02.26.01:752][  0]LogCook: Display: Mobile HDR setting 1
[2017.10.04-02.26.01:752][  0]LogGameplayTags: Display: UGameplayTagsManager::DoneAddingNativeTags. DelegateIsBound: 0
[2017.10.04-02.26.03:191][  0]SourceControl: Source control is disabled
[2017.10.04-02.26.03:191][  0]Cmd: MAP LOAD FILE="../../../Engine/Content/Maps/Templates/Template_Default.umap" TEMPLATE=1 SHOWPROGRESS=1 FEATURELEVEL=3
[2017.10.04-02.26.03:192][  0]LightingResults: New page: Lighting Build
[2017.10.04-02.26.03:248][  0]MapCheck: New page: Map Check
[2017.10.04-02.26.03:248][  0]LightingResults: New page: Lighting Build
[2017.10.04-02.26.03:454][  0]LogAIModule: Creating AISystem for world Untitled_1
[2017.10.04-02.26.03:462][  0]LogEditorServer: Finished looking for orphan Actors (0.000 secs)
[2017.10.04-02.26.03:476][  0]Cmd: MAP CHECKDEP NOCLEARLOG
[2017.10.04-02.26.03:553][  0]MapCheck: Map check complete: 0 Error(s), 0 Warning(s), took 76.322ms to complete.
[2017.10.04-02.26.03:553][  0]LogFileHelpers: Loading map 'Template_Default' took 0.362
[2017.10.04-02.26.03:615][  0]LogWindowsTextInputMethodSystem: Display: IME system now deactivated.
[2017.10.04-02.26.04:826][  0]LogTemp: Executing iPhonePackager certificates Engine -bundlename com.YourCompany.FPSTemplate
[2017.10.04-02.26.04:826][  0]LogTemp: CWD: C:\Program Files (x86)\Epic Games\UE_4.17\Engine\Binaries\DotNET\IOS
[2017.10.04-02.26.04:826][  0]LogTemp: Initial Dir: C:\Program Files (x86)\Epic Games\UE_4.17
[2017.10.04-02.26.04:826][  0]LogTemp: Env CWD: C:\Program Files (x86)\Epic Games\UE_4.17\Engine\Binaries\DotNET\IOS
[2017.10.04-02.26.04:826][  0]LogTemp: BranchPath = DESKTOP-LT914LN/C/Program Files (x86)/Epic Games/UE_4.17/Engine/Binaries --- GameBranchPath = DESKTOP-LT914LN/C/Program Files (x86)/Epic Games/UE_4.17/Engine/Binaries
[2017.10.04-02.26.04:826][  0]LogTemp: IPP ERROR: Could not find provision directory 'C:\Users\Victor Weidar\AppData\Local/Apple Computer/MobileDevice/Provisioning Profiles/'.
[2017.10.04-02.26.04:826][  0]LogCollectionManager: Loaded 0 collections in 0.001531 seconds
[2017.10.04-02.26.04:935][  0]LogFileCache: Scanning file cache for directory 'C:/Users/Victor Weidar/Desktop/GameDev/UE4 - FPS/FPSTemplate/Saved/Collections/' took 0.01s
[2017.10.04-02.26.04:935][  0]LogFileCache: Scanning file cache for directory 'C:/Users/Victor Weidar/Desktop/GameDev/UE4 - FPS/FPSTemplate/Content/Developers/VictorWeidar/Collections/' took 0.01s
[2017.10.04-02.26.04:935][  0]LogFileCache: Scanning file cache for directory 'C:/Users/Victor Weidar/Desktop/GameDev/UE4 - FPS/FPSTemplate/Content/Collections/' took 0.01s
[2017.10.04-02.26.04:935][  0]LogCollectionManager: Rebuilt the GUID cache for 0 collections in 0.000000 seconds
[2017.10.04-02.26.04:946][  0]LogContentBrowser: Native class hierarchy populated in 0.0110 seconds. Added 2386 classes and 500 folders.
[2017.10.04-02.26.05:030][  0]LogContentBrowser: Native class hierarchy updated for 'WidgetCarousel' in 0.0007 seconds. Added 0 classes and 0 folders.
[2017.10.04-02.26.05:086][  0]LogContentBrowser: Native class hierarchy updated for 'AddContentDialog' in 0.0007 seconds. Added 0 classes and 0 folders.
[2017.10.04-02.26.05:143][  0]LogContentBrowser: Native class hierarchy updated for 'SceneOutliner' in 0.0007 seconds. Added 1 classes and 2 folders.
[2017.10.04-02.26.05:205][  0]LogSlate: Took 0.000500 seconds to synchronously load lazily loaded font '../../../Engine/Content/Slate/Fonts/Roboto-Regular.ttf' (155K)
[2017.10.04-02.26.05:209][  0]LogSlate: Took 0.000427 seconds to synchronously load lazily loaded font '../../../Engine/Content/Slate/Fonts/Roboto-Bold.ttf' (160K)
[2017.10.04-02.26.05:216][  0]LogSlate: Took 0.000307 seconds to synchronously load lazily loaded font '../../../Engine/Content/Editor/Slate/Fonts/FontAwesome.ttf' (139K)
[2017.10.04-02.26.05:343][  0]LogRenderer: Reallocating scene render targets to support 1432x668 Format 10 NumSamples 1 (Frame:1).
[2017.10.04-02.26.05:564][  0]LogContentBrowser: Native class hierarchy updated for 'HierarchicalLODOutliner' in 0.0007 seconds. Added 1 classes and 2 folders.
[2017.10.04-02.26.05:564][  0]LogLoad: (Engine Initialization) Total time: 22.97 seconds
[2017.10.04-02.26.05:564][  0]LogLoad: (Engine Initialization) Total Blueprint compile time: 0.00 seconds
[2017.10.04-02.26.05:564][  0]LogExternalProfiler: Found external profiler: VSPerf
[2017.10.04-02.26.05:564][  0]LogExternalProfiler: Using external profiler: VSPerf
[2017.10.04-02.26.05:623][  0]LogContentStreaming: Texture pool size now 1000 MB
[2017.10.04-02.26.05:670][  1]LogAssetRegistry: Asset discovery search completed in 16.1622 seconds
[2017.10.04-02.26.05:671][  1]LogCollectionManager: Rebuilt the object cache for 0 collections in 0.000000 seconds (found 0 objects)
[2017.10.04-02.26.05:671][  1]LogCollectionManager: Fixed up redirectors for 0 collections in 0.000040 seconds (updated 0 objects)
[2017.10.04-02.26.20:449][367]LogSlate: Took 0.000274 seconds to synchronously load lazily loaded font '../../../Engine/Content/Slate/Fonts/Roboto-Light.ttf' (159K)
[2017.10.04-02.26.40:544][318]LogSlate: Took 0.000265 seconds to synchronously load lazily loaded font '../../../Engine/Content/Slate/Fonts/Roboto-Light.ttf' (159K)
[2017.10.04-02.26.41:056][318]Cmd: OBJ SAVEPACKAGE PACKAGE="/Game/Maps/Main" FILE="../../../../../../Users/Victor Weidar/Desktop/GameDev/UE4 - FPS/FPSTemplate/Content/Maps/Main.umap" SILENT=true AUTOSAVING=false KEEPDIRTY=false
[2017.10.04-02.26.41:106][318]LogSavePackage: Save=30.18ms
[2017.10.04-02.26.41:106][318]LogSavePackage: Moving '../../../../../../Users/Victor Weidar/Desktop/GameDev/UE4 - FPS/FPSTemplate/Saved/MainC4E617EA4E3BD6973E4761B4327C9791.tmp' to '../../../../../../Users/Victor Weidar/Desktop/GameDev/UE4 - FPS/FPSTemplate/Content/Maps/Main.umap'
[2017.10.04-02.26.41:110][318]LogSavePackage: Display: Finished SavePackage ../../../../../../Users/Victor Weidar/Desktop/GameDev/UE4 - FPS/FPSTemplate/Content/Maps/Main.umap
[2017.10.04-02.26.41:152][318]Cmd: OBJ SAVEPACKAGE PACKAGE="/Game/Maps/Main_BuiltData" FILE="../../../../../../Users/Victor Weidar/Desktop/GameDev/UE4 - FPS/FPSTemplate/Content/Maps/Main_BuiltData.uasset" SILENT=true
[2017.10.04-02.26.41:179][318]LogSavePackage: Save=20.39ms
[2017.10.04-02.26.41:179][318]LogSavePackage: Moving '../../../../../../Users/Victor Weidar/Desktop/GameDev/UE4 - FPS/FPSTemplate/Saved/Main_BuiltData564C90D543DF2FC99FC40CA71F20ADA6.tmp' to '../../../../../../Users/Victor Weidar/Desktop/GameDev/UE4 - FPS/FPSTemplate/Content/Maps/Main_BuiltData.uasset'
[2017.10.04-02.26.41:182][318]LogSavePackage: Display: Finished SavePackage ../../../../../../Users/Victor Weidar/Desktop/GameDev/UE4 - FPS/FPSTemplate/Content/Maps/Main_BuiltData.uasset
[2017.10.04-02.26.41:190][318]LogFileHelpers: Saving map 'Main' took 0.734
[2017.10.04-02.26.56:330][  1]LogContentBrowser: Native class hierarchy updated for 'BlueprintGraph' in 0.0011 seconds. Added 113 classes and 0 folders.
[2017.10.04-02.26.57:008][  1]LogSlate: Took 0.000170 seconds to synchronously load lazily loaded font '../../../Engine/Content/Slate/Fonts/Roboto-Regular.ttf' (155K)
[2017.10.04-02.26.59:488][136]LogRenderer: Reallocating scene render targets to support 1432x712 Format 10 NumSamples 1 (Frame:131).
[2017.10.04-02.27.09:274][401]LogSlate: Took 0.000431 seconds to synchronously load lazily loaded font '../../../Engine/Content/Editor/Slate/Fonts/Roboto-Italic.ttf' (157K)
[2017.10.04-02.28.30:154][ 13]BlueprintLog: New page: Compile FPSController
[2017.10.04-02.28.30:810][ 39]Cmd: OBJ SAVEPACKAGE PACKAGE="/Game/Blueprints/FPSController" FILE="../../../../../../Users/Victor Weidar/Desktop/GameDev/UE4 - FPS/FPSTemplate/Content/Blueprints/FPSController.uasset" SILENT=true
[2017.10.04-02.28.30:841][ 39]LogSavePackage: Save=25.02ms
[2017.10.04-02.28.30:841][ 39]LogSavePackage: Moving '../../../../../../Users/Victor Weidar/Desktop/GameDev/UE4 - FPS/FPSTemplate/Saved/FPSController046E90FE417E9FDB01240F80840BD7F4.tmp' to '../../../../../../Users/Victor Weidar/Desktop/GameDev/UE4 - FPS/FPSTemplate/Content/Blueprints/FPSController.uasset'
[2017.10.04-02.28.30:848][ 39]LogSavePackage: Display: Finished SavePackage ../../../../../../Users/Victor Weidar/Desktop/GameDev/UE4 - FPS/FPSTemplate/Content/Blueprints/FPSController.uasset
[2017.10.04-02.28.42:972][329]BlueprintLog: New page: Compile FPSController
[2017.10.04-02.28.47:795][604]Cmd: OBJ SAVEPACKAGE PACKAGE="/Game/Blueprints/FPSController" FILE="../../../../../../Users/Victor Weidar/Desktop/GameDev/UE4 - FPS/FPSTemplate/Content/Blueprints/FPSController.uasset" SILENT=true
[2017.10.04-02.28.47:835][604]LogSavePackage: Save=26.95ms
[2017.10.04-02.28.47:835][604]LogSavePackage: Moving '../../../../../../Users/Victor Weidar/Desktop/GameDev/UE4 - FPS/FPSTemplate/Saved/FPSController9204537142CA0064C3077392DA2488CA.tmp' to '../../../../../../Users/Victor Weidar/Desktop/GameDev/UE4 - FPS/FPSTemplate/Content/Blueprints/FPSController.uasset'
[2017.10.04-02.28.47:841][604]LogSavePackage: Display: Finished SavePackage ../../../../../../Users/Victor Weidar/Desktop/GameDev/UE4 - FPS/FPSTemplate/Content/Blueprints/FPSController.uasset
[2017.10.04-02.29.02:494][356]Cmd: OBJ SAVEPACKAGE PACKAGE="/Game/Maps/Main" FILE="../../../../../../Users/Victor Weidar/Desktop/GameDev/UE4 - FPS/FPSTemplate/Content/Maps/Main.umap" SILENT=true AUTOSAVING=false KEEPDIRTY=false
[2017.10.04-02.29.02:553][356]LogSavePackage: Save=27.25ms
[2017.10.04-02.29.02:553][356]LogSavePackage: Moving '../../../../../../Users/Victor Weidar/Desktop/GameDev/UE4 - FPS/FPSTemplate/Saved/MainE36D47AA409F8318916B40899729DC4D.tmp' to '../../../../../../Users/Victor Weidar/Desktop/GameDev/UE4 - FPS/FPSTemplate/Content/Maps/Main.umap'
[2017.10.04-02.29.02:556][356]LogSavePackage: Display: Finished SavePackage ../../../../../../Users/Victor Weidar/Desktop/GameDev/UE4 - FPS/FPSTemplate/Content/Maps/Main.umap
[2017.10.04-02.29.02:598][356]Cmd: OBJ SAVEPACKAGE PACKAGE="/Game/Maps/Main_BuiltData" FILE="../../../../../../Users/Victor Weidar/Desktop/GameDev/UE4 - FPS/FPSTemplate/Content/Maps/Main_BuiltData.uasset" SILENT=true
[2017.10.04-02.29.02:628][356]LogSavePackage: Save=12.14ms
[2017.10.04-02.29.02:628][356]LogSavePackage: Moving '../../../../../../Users/Victor Weidar/Desktop/GameDev/UE4 - FPS/FPSTemplate/Saved/Main_BuiltData41EC28274AE3F94F915220A3CC2B00C2.tmp' to '../../../../../../Users/Victor Weidar/Desktop/GameDev/UE4 - FPS/FPSTemplate/Content/Maps/Main_BuiltData.uasset'
[2017.10.04-02.29.02:632][356]LogSavePackage: Display: Finished SavePackage ../../../../../../Users/Victor Weidar/Desktop/GameDev/UE4 - FPS/FPSTemplate/Content/Maps/Main_BuiltData.uasset
[2017.10.04-02.29.27:291][845]LogSlate: Warning: Prevented a slow task dialog from being summoned while a context menu was open
[2017.10.04-02.29.43:993][313]BlueprintLog: New page: Compile FPSGamemode
[2017.10.04-02.29.45:006][362]Cmd: OBJ SAVEPACKAGE PACKAGE="/Game/Blueprints/FPSGamemode" FILE="../../../../../../Users/Victor Weidar/Desktop/GameDev/UE4 - FPS/FPSTemplate/Content/Blueprints/FPSGamemode.uasset" SILENT=true
[2017.10.04-02.29.45:028][362]LogSavePackage: Save=17.68ms
[2017.10.04-02.29.45:028][362]LogSavePackage: Moving '../../../../../../Users/Victor Weidar/Desktop/GameDev/UE4 - FPS/FPSTemplate/Saved/FPSGamemode6EBCCF18425443B720553B965CF25D19.tmp' to '../../../../../../Users/Victor Weidar/Desktop/GameDev/UE4 - FPS/FPSTemplate/Content/Blueprints/FPSGamemode.uasset'
[2017.10.04-02.29.45:034][362]LogSavePackage: Display: Finished SavePackage ../../../../../../Users/Victor Weidar/Desktop/GameDev/UE4 - FPS/FPSTemplate/Content/Blueprints/FPSGamemode.uasset
[2017.10.04-02.29.48:292][556]LogSlate: Took 0.000196 seconds to synchronously load lazily loaded font '../../../Engine/Content/Slate/Fonts/Roboto-Light.ttf' (159K)
[2017.10.04-02.29.53:163][843]LogSlate: Warning: Prevented a slow task dialog from being summoned while a context menu was open
[2017.10.04-02.32.05:422][903]LogSlate: Took 0.000234 seconds to synchronously load lazily loaded font '../../../Engine/Content/Editor/Slate/Fonts/Roboto-BoldCondensed.ttf' (158K)
[2017.10.04-02.32.10:012][177]BlueprintLog: New page: Compile FPSController
[2017.10.04-02.32.10:701][207]Cmd: OBJ SAVEPACKAGE PACKAGE="/Game/Blueprints/FPSController" FILE="../../../../../../Users/Victor Weidar/Desktop/GameDev/UE4 - FPS/FPSTemplate/Content/Blueprints/FPSController.uasset" SILENT=true
[2017.10.04-02.32.10:736][207]LogSavePackage: Save=23.15ms
[2017.10.04-02.32.10:736][207]LogSavePackage: Moving '../../../../../../Users/Victor Weidar/Desktop/GameDev/UE4 - FPS/FPSTemplate/Saved/FPSController2D2DFC0B44027CF786BF038F9182A5AC.tmp' to '../../../../../../Users/Victor Weidar/Desktop/GameDev/UE4 - FPS/FPSTemplate/Content/Blueprints/FPSController.uasset'
[2017.10.04-02.32.10:742][207]LogSavePackage: Display: Finished SavePackage ../../../../../../Users/Victor Weidar/Desktop/GameDev/UE4 - FPS/FPSTemplate/Content/Blueprints/FPSController.uasset
[2017.10.04-02.32.48:908][288]BlueprintLog: New page: Compile FPSController
[2017.10.04-02.32.49:550][314]Cmd: OBJ SAVEPACKAGE PACKAGE="/Game/Blueprints/FPSController" FILE="../../../../../../Users/Victor Weidar/Desktop/GameDev/UE4 - FPS/FPSTemplate/Content/Blueprints/FPSController.uasset" SILENT=true
[2017.10.04-02.32.49:586][314]LogSavePackage: Save=30.18ms
[2017.10.04-02.32.49:586][314]LogSavePackage: Moving '../../../../../../Users/Victor Weidar/Desktop/GameDev/UE4 - FPS/FPSTemplate/Saved/FPSController7757AF7E4C39F3159727FCBD243C8949.tmp' to '../../../../../../Users/Victor Weidar/Desktop/GameDev/UE4 - FPS/FPSTemplate/Content/Blueprints/FPSController.uasset'
[2017.10.04-02.32.49:592][314]LogSavePackage: Display: Finished SavePackage ../../../../../../Users/Victor Weidar/Desktop/GameDev/UE4 - FPS/FPSTemplate/Content/Blueprints/FPSController.uasset
[2017.10.04-02.32.53:658][555]LogTemp: Repeating last play command: Selected Viewport
[2017.10.04-02.32.53:711][555]LogPlayLevel: PlayLevel: No blueprints needed recompiling
[2017.10.04-02.32.53:711][555]PIE: New page: PIE session: Main (4 Oct 2017 10:32:53 pm)
[2017.10.04-02.32.53:711][555]LogPlayLevel: Creating play world package: /Game/Maps/UEDPIE_0_Main
[2017.10.04-02.32.53:714][555]LogPlayLevel: PIE: StaticDuplicateObject took: (0.002349s)
[2017.10.04-02.32.53:715][555]LogAIModule: Creating AISystem for world Main
[2017.10.04-02.32.53:716][555]LogPlayLevel: PIE: World Init took: (0.001717s)
[2017.10.04-02.32.53:716][555]LogPlayLevel: PIE: Created PIE world by copying editor world from /Game/Maps/Main.Main to /Game/Maps/UEDPIE_0_Main.Main (0.004424s)
[2017.10.04-02.32.53:739][555]LogInit: XAudio2 using 'Speakers (Realtek High Definition Audio)' : 2 channels at 48 kHz using 32 bits per sample (channel mask 0x3)
[2017.10.04-02.32.53:773][555]LogInit: FAudioDevice initialized.
[2017.10.04-02.32.53:818][555]LogLoad: Game class is 'FPSGamemode_C'
[2017.10.04-02.32.53:820][555]LogWorld: Bringing World /Game/Maps/UEDPIE_0_Main.Main up for play (max tick rate 60) at 2017.10.04-12.32.53
[2017.10.04-02.32.53:821][555]LogWorld: Bringing up level for play took: 0.001087
[2017.10.04-02.32.53:882][555]LogContentBrowser: Native class hierarchy updated for 'MovieSceneCapture' in 0.0008 seconds. Added 11 classes and 0 folders.
[2017.10.04-02.32.53:883][555]PIE: Play in editor start time for /Game/Maps/UEDPIE_0_Main -0.559
[2017.10.04-02.33.08:555][428]BlueprintLog: New page: Compile FPSController
[2017.10.04-02.33.09:190][453]Cmd: OBJ SAVEPACKAGE PACKAGE="/Game/Blueprints/FPSController" FILE="../../../../../../Users/Victor Weidar/Desktop/GameDev/UE4 - FPS/FPSTemplate/Content/Blueprints/FPSController.uasset" SILENT=true
[2017.10.04-02.33.09:230][453]LogSavePackage: Save=34.20ms
[2017.10.04-02.33.09:230][453]LogSavePackage: Moving '../../../../../../Users/Victor Weidar/Desktop/GameDev/UE4 - FPS/FPSTemplate/Saved/FPSControllerB69AF3CA4D7A017B44649788A7BA1A36.tmp' to '../../../../../../Users/Victor Weidar/Desktop/GameDev/UE4 - FPS/FPSTemplate/Content/Blueprints/FPSController.uasset'
[2017.10.04-02.33.09:237][453]LogSavePackage: Display: Finished SavePackage ../../../../../../Users/Victor Weidar/Desktop/GameDev/UE4 - FPS/FPSTemplate/Content/Blueprints/FPSController.uasset
[2017.10.04-02.38.48:205][946]BlueprintLog: New page: Compile FPSController
[2017.10.04-02.39.13:018][420]LogFileHelpers: Editor autosave (incl. sublevels) for '/Game/Maps/Main' took 0.019
[2017.10.04-02.39.13:022][420]OBJ SavePackage: Generating thumbnails for [0] asset(s) in package [/Game/Blueprints/FPSController] ([1] browsable assets)...
[2017.10.04-02.39.13:022][420]OBJ SavePackage: Finished generating thumbnails for package [/Game/Blueprints/FPSController]
[2017.10.04-02.39.13:080][420]LogSavePackage: Save=45.48ms
[2017.10.04-02.39.13:080][420]LogSavePackage: Moving '../../../../../../Users/Victor Weidar/Desktop/GameDev/UE4 - FPS/FPSTemplate/Saved/FPSController_Auto15CEF132D4F48A84493F2F0B64446798C.tmp' to '../../../../../../Users/Victor Weidar/Desktop/GameDev/UE4 - FPS/FPSTemplate/Saved/Autosaves/Game/Blueprints/FPSController_Auto1.uasset'
[2017.10.04-02.39.13:084][420]LogSavePackage: Display: Finished SavePackage ../../../../../../Users/Victor Weidar/Desktop/GameDev/UE4 - FPS/FPSTemplate/Saved/Autosaves/Game/Blueprints/FPSController_Auto1.uasset
[2017.10.04-02.39.13:084][420]LogFileHelpers: Auto-saving content packages took 0.064
[2017.10.04-02.41.17:960][853]Cmd: OBJ SAVEPACKAGE PACKAGE="/Game/Blueprints/FPSController" FILE="../../../../../../Users/Victor Weidar/Desktop/GameDev/UE4 - FPS/FPSTemplate/Content/Blueprints/FPSController.uasset" SILENT=true
[2017.10.04-02.41.18:010][853]LogSavePackage: Save=44.89ms
[2017.10.04-02.41.18:010][853]LogSavePackage: Moving '../../../../../../Users/Victor Weidar/Desktop/GameDev/UE4 - FPS/FPSTemplate/Saved/FPSController0EE03B4642A82A7FA6CBF3ACADF6CD56.tmp' to '../../../../../../Users/Victor Weidar/Desktop/GameDev/UE4 - FPS/FPSTemplate/Content/Blueprints/FPSController.uasset'
[2017.10.04-02.41.18:024][853]LogSavePackage: Display: Finished SavePackage ../../../../../../Users/Victor Weidar/Desktop/GameDev/UE4 - FPS/FPSTemplate/Content/Blueprints/FPSController.uasset
[2017.10.04-02.41.23:001][ 94]LogTemp: Repeating last play command: Selected Viewport
[2017.10.04-02.41.23:022][ 94]LogPlayLevel: PlayLevel: No blueprints needed recompiling
[2017.10.04-02.41.23:022][ 94]PIE: New page: PIE session: Main (4 Oct 2017 10:41:23 pm)
[2017.10.04-02.41.23:022][ 94]LogPlayLevel: Creating play world package: /Game/Maps/UEDPIE_0_Main
[2017.10.04-02.41.23:024][ 94]LogPlayLevel: PIE: StaticDuplicateObject took: (0.002084s)
[2017.10.04-02.41.23:026][ 94]LogAIModule: Creating AISystem for world Main
[2017.10.04-02.41.23:027][ 94]LogPlayLevel: PIE: World Init took: (0.002298s)
[2017.10.04-02.41.23:027][ 94]LogPlayLevel: PIE: Created PIE world by copying editor world from /Game/Maps/Main.Main to /Game/Maps/UEDPIE_0_Main.Main (0.004753s)
[2017.10.04-02.41.23:048][ 94]LogInit: XAudio2 using 'Speakers (Realtek High Definition Audio)' : 2 channels at 48 kHz using 32 bits per sample (channel mask 0x3)
[2017.10.04-02.41.23:082][ 94]LogInit: FAudioDevice initialized.
[2017.10.04-02.41.23:129][ 94]LogLoad: Game class is 'FPSGamemode_C'
[2017.10.04-02.41.23:131][ 94]LogWorld: Bringing World /Game/Maps/UEDPIE_0_Main.Main up for play (max tick rate 60) at 2017.10.04-12.41.23
[2017.10.04-02.41.23:132][ 94]LogWorld: Bringing up level for play took: 0.001383
[2017.10.04-02.41.23:135][ 94]PIE: Play in editor start time for /Game/Maps/UEDPIE_0_Main 0.693
[2017.10.04-02.41.23:148][ 94]LogRenderer: Reallocating scene render targets to support 1432x756 Format 10 NumSamples 1 (Frame:1).
[2017.10.04-02.48.03:097][796]BlueprintLog: New page: Compile FPSController
[2017.10.04-02.48.03:761][823]Cmd: OBJ SAVEPACKAGE PACKAGE="/Game/Blueprints/FPSController" FILE="../../../../../../Users/Victor Weidar/Desktop/GameDev/UE4 - FPS/FPSTemplate/Content/Blueprints/FPSController.uasset" SILENT=true
[2017.10.04-02.48.03:829][823]LogSavePackage: Save=50.91ms
[2017.10.04-02.48.03:829][823]LogSavePackage: Moving '../../../../../../Users/Victor Weidar/Desktop/GameDev/UE4 - FPS/FPSTemplate/Saved/FPSController11A52B6949552B1E531C25AE642A7305.tmp' to '../../../../../../Users/Victor Weidar/Desktop/GameDev/UE4 - FPS/FPSTemplate/Content/Blueprints/FPSController.uasset'
[2017.10.04-02.48.03:837][823]LogSavePackage: Display: Finished SavePackage ../../../../../../Users/Victor Weidar/Desktop/GameDev/UE4 - FPS/FPSTemplate/Content/Blueprints/FPSController.uasset
[2017.10.04-02.48.04:464][860]LogTemp: Repeating last play command: Selected Viewport
[2017.10.04-02.48.04:482][860]LogPlayLevel: PlayLevel: No blueprints needed recompiling
[2017.10.04-02.48.04:482][860]PIE: New page: PIE session: Main (4 Oct 2017 10:48:04 pm)
[2017.10.04-02.48.04:482][860]LogPlayLevel: Creating play world package: /Game/Maps/UEDPIE_0_Main
[2017.10.04-02.48.04:484][860]LogPlayLevel: PIE: StaticDuplicateObject took: (0.001720s)
[2017.10.04-02.48.04:485][860]LogAIModule: Creating AISystem for world Main
[2017.10.04-02.48.04:485][860]LogPlayLevel: PIE: World Init took: (0.001349s)
[2017.10.04-02.48.04:486][860]LogPlayLevel: PIE: Created PIE world by copying editor world from /Game/Maps/Main.Main to /Game/Maps/UEDPIE_0_Main.Main (0.003477s)
[2017.10.04-02.48.04:507][860]LogInit: XAudio2 using 'Speakers (Realtek High Definition Audio)' : 2 channels at 48 kHz using 32 bits per sample (channel mask 0x3)
[2017.10.04-02.48.04:543][860]LogInit: FAudioDevice initialized.
[2017.10.04-02.48.04:586][860]LogLoad: Game class is 'FPSGamemode_C'
[2017.10.04-02.48.04:588][860]LogWorld: Bringing World /Game/Maps/UEDPIE_0_Main.Main up for play (max tick rate 60) at 2017.10.04-12.48.04
[2017.10.04-02.48.04:588][860]LogWorld: Bringing up level for play took: 0.001315
[2017.10.04-02.48.04:592][860]PIE: Play in editor start time for /Game/Maps/UEDPIE_0_Main 0.15
[2017.10.04-02.48.28:014][232]BlueprintLog: New page: Compile FPSController
[2017.10.04-02.48.28:619][255]Cmd: OBJ SAVEPACKAGE PACKAGE="/Game/Blueprints/FPSController" FILE="../../../../../../Users/Victor Weidar/Desktop/GameDev/UE4 - FPS/FPSTemplate/Content/Blueprints/FPSController.uasset" SILENT=true
[2017.10.04-02.48.28:668][255]LogSavePackage: Save=43.23ms
[2017.10.04-02.48.28:668][255]LogSavePackage: Moving '../../../../../../Users/Victor Weidar/Desktop/GameDev/UE4 - FPS/FPSTemplate/Saved/FPSControllerF1AED8424BCEF1B6E1A89B91697D9731.tmp' to '../../../../../../Users/Victor Weidar/Desktop/GameDev/UE4 - FPS/FPSTemplate/Content/Blueprints/FPSController.uasset'
[2017.10.04-02.48.28:675][255]LogSavePackage: Display: Finished SavePackage ../../../../../../Users/Victor Weidar/Desktop/GameDev/UE4 - FPS/FPSTemplate/Content/Blueprints/FPSController.uasset
[2017.10.04-02.51.53:770][559]BlueprintLog: New page: Compile FPSController
[2017.10.04-02.51.54:301][578]Cmd: OBJ SAVEPACKAGE PACKAGE="/Game/Blueprints/FPSController" FILE="../../../../../../Users/Victor Weidar/Desktop/GameDev/UE4 - FPS/FPSTemplate/Content/Blueprints/FPSController.uasset" SILENT=true
[2017.10.04-02.51.54:355][578]LogSavePackage: Save=48.28ms
[2017.10.04-02.51.54:355][578]LogSavePackage: Moving '../../../../../../Users/Victor Weidar/Desktop/GameDev/UE4 - FPS/FPSTemplate/Saved/FPSControllerDE7F486349E17E2648BDC2AA41876BDE.tmp' to '../../../../../../Users/Victor Weidar/Desktop/GameDev/UE4 - FPS/FPSTemplate/Content/Blueprints/FPSController.uasset'
[2017.10.04-02.51.54:362][578]LogSavePackage: Display: Finished SavePackage ../../../../../../Users/Victor Weidar/Desktop/GameDev/UE4 - FPS/FPSTemplate/Content/Blueprints/FPSController.uasset
[2017.10.04-02.51.57:522][691]LogTemp: Repeating last play command: Selected Viewport
[2017.10.04-02.51.57:539][691]LogPlayLevel: PlayLevel: No blueprints needed recompiling
[2017.10.04-02.51.57:539][691]PIE: New page: PIE session: Main (4 Oct 2017 10:51:57 pm)
[2017.10.04-02.51.57:539][691]LogPlayLevel: Creating play world package: /Game/Maps/UEDPIE_0_Main
[2017.10.04-02.51.57:542][691]LogPlayLevel: PIE: StaticDuplicateObject took: (0.002481s)
[2017.10.04-02.51.57:543][691]LogAIModule: Creating AISystem for world Main
[2017.10.04-02.51.57:543][691]LogPlayLevel: PIE: World Init took: (0.001612s)
[2017.10.04-02.51.57:544][691]LogPlayLevel: PIE: Created PIE world by copying editor world from /Game/Maps/Main.Main to /Game/Maps/UEDPIE_0_Main.Main (0.004580s)
[2017.10.04-02.51.57:568][691]LogInit: XAudio2 using 'Speakers (Realtek High Definition Audio)' : 2 channels at 48 kHz using 32 bits per sample (channel mask 0x3)
[2017.10.04-02.51.57:601][691]LogInit: FAudioDevice initialized.
[2017.10.04-02.51.57:643][691]LogLoad: Game class is 'FPSGamemode_C'
[2017.10.04-02.51.57:646][691]LogWorld: Bringing World /Game/Maps/UEDPIE_0_Main.Main up for play (max tick rate 60) at 2017.10.04-12.51.57
[2017.10.04-02.51.57:646][691]LogWorld: Bringing up level for play took: 0.001727
[2017.10.04-02.51.57:649][691]PIE: Play in editor start time for /Game/Maps/UEDPIE_0_Main -0.792
[2017.10.04-02.52.26:887][228]BlueprintLog: New page: Compile FPSController
[2017.10.04-02.52.27:530][254]Cmd: OBJ SAVEPACKAGE PACKAGE="/Game/Blueprints/FPSController" FILE="../../../../../../Users/Victor Weidar/Desktop/GameDev/UE4 - FPS/FPSTemplate/Content/Blueprints/FPSController.uasset" SILENT=true
[2017.10.04-02.52.27:580][254]LogSavePackage: Save=45.49ms
[2017.10.04-02.52.27:581][254]LogSavePackage: Moving '../../../../../../Users/Victor Weidar/Desktop/GameDev/UE4 - FPS/FPSTemplate/Saved/FPSControllerFC250E7447FB36EECE6F5D943F0CE8F0.tmp' to '../../../../../../Users/Victor Weidar/Desktop/GameDev/UE4 - FPS/FPSTemplate/Content/Blueprints/FPSController.uasset'
[2017.10.04-02.52.27:588][254]LogSavePackage: Display: Finished SavePackage ../../../../../../Users/Victor Weidar/Desktop/GameDev/UE4 - FPS/FPSTemplate/Content/Blueprints/FPSController.uasset
[2017.10.04-02.52.28:632][316]LogTemp: Repeating last play command: Selected Viewport
[2017.10.04-02.52.28:658][316]LogPlayLevel: PlayLevel: No blueprints needed recompiling
[2017.10.04-02.52.28:659][316]PIE: New page: PIE session: Main (4 Oct 2017 10:52:28 pm)
[2017.10.04-02.52.28:659][316]LogPlayLevel: Creating play world package: /Game/Maps/UEDPIE_0_Main
[2017.10.04-02.52.28:662][316]LogPlayLevel: PIE: StaticDuplicateObject took: (0.003042s)
[2017.10.04-02.52.28:663][316]LogAIModule: Creating AISystem for world Main
[2017.10.04-02.52.28:663][316]LogPlayLevel: PIE: World Init took: (0.001445s)
[2017.10.04-02.52.28:664][316]LogPlayLevel: PIE: Created PIE world by copying editor world from /Game/Maps/Main.Main to /Game/Maps/UEDPIE_0_Main.Main (0.005001s)
[2017.10.04-02.52.28:687][316]LogInit: XAudio2 using 'Speakers (Realtek High Definition Audio)' : 2 channels at 48 kHz using 32 bits per sample (channel mask 0x3)
[2017.10.04-02.52.28:720][316]LogInit: FAudioDevice initialized.
[2017.10.04-02.52.28:768][316]LogLoad: Game class is 'FPSGamemode_C'
[2017.10.04-02.52.28:772][316]LogWorld: Bringing World /Game/Maps/UEDPIE_0_Main.Main up for play (max tick rate 60) at 2017.10.04-12.52.28
[2017.10.04-02.52.28:772][316]LogWorld: Bringing up level for play took: 0.002100
[2017.10.04-02.52.28:775][316]PIE: Play in editor start time for /Game/Maps/UEDPIE_0_Main 0.334
[2017.10.04-02.53.37:808][487]Cmd: OBJ SAVEPACKAGE PACKAGE="/Game/Maps/Main" FILE="../../../../../../Users/Victor Weidar/Desktop/GameDev/UE4 - FPS/FPSTemplate/Content/Maps/Main.umap" SILENT=true AUTOSAVING=false KEEPDIRTY=false
[2017.10.04-02.53.37:865][487]LogSavePackage: Save=27.26ms
[2017.10.04-02.53.37:865][487]LogSavePackage: Moving '../../../../../../Users/Victor Weidar/Desktop/GameDev/UE4 - FPS/FPSTemplate/Saved/Main8A837D2E43CAE13FC85676931A9CDDD9.tmp' to '../../../../../../Users/Victor Weidar/Desktop/GameDev/UE4 - FPS/FPSTemplate/Content/Maps/Main.umap'
[2017.10.04-02.53.37:875][487]LogSavePackage: Display: Finished SavePackage ../../../../../../Users/Victor Weidar/Desktop/GameDev/UE4 - FPS/FPSTemplate/Content/Maps/Main.umap
[2017.10.04-02.53.37:900][487]Cmd: OBJ SAVEPACKAGE PACKAGE="/Game/Maps/Main_BuiltData" FILE="../../../../../../Users/Victor Weidar/Desktop/GameDev/UE4 - FPS/FPSTemplate/Content/Maps/Main_BuiltData.uasset" SILENT=true
[2017.10.04-02.53.37:923][487]LogSavePackage: Save=13.14ms
[2017.10.04-02.53.37:923][487]LogSavePackage: Moving '../../../../../../Users/Victor Weidar/Desktop/GameDev/UE4 - FPS/FPSTemplate/Saved/Main_BuiltData982E686744B3199AC5CBE8BECC5050F4.tmp' to '../../../../../../Users/Victor Weidar/Desktop/GameDev/UE4 - FPS/FPSTemplate/Content/Maps/Main_BuiltData.uasset'
[2017.10.04-02.53.37:926][487]LogSavePackage: Display: Finished SavePackage ../../../../../../Users/Victor Weidar/Desktop/GameDev/UE4 - FPS/FPSTemplate/Content/Maps/Main_BuiltData.uasset
[2017.10.04-02.53.39:199][555]LogActorComponent: UnregisterComponent: (/Engine/Transient.EditorFloorComp) Not registered. Aborting.
[2017.10.04-02.53.39:495][556]Cmd: QUIT_EDITOR
[2017.10.04-02.53.39:665][556]LogWindowsTextInputMethodSystem: Display: IME system now deactivated.
[2017.10.04-02.53.39:680][556]LogExit: Preparing to exit.
[2017.10.04-02.53.40:662][556]LogDirectoryWatcher: A directory notification for 'C:/Users/Victor Weidar/Desktop/GameDev/UE4 - FPS/FPSTemplate/Content/' was aborted.
[2017.10.04-02.53.40:700][556]LogExit: Editor shut down
[2017.10.04-02.53.40:704][556]LogExit: Transaction tracking system shut down
[2017.10.04-02.53.40:854][556]LogDirectoryWatcher: A directory notification for '../../../Engine/Content/' was aborted.
[2017.10.04-02.53.40:854][556]LogDirectoryWatcher: A directory notification for '../../../../../../Users/Victor Weidar/Desktop/GameDev/UE4 - FPS/FPSTemplate/Content/' was aborted.
[2017.10.04-02.53.40:854][556]LogDirectoryWatcher: A directory notification for '../../../Engine/Plugins/2D/Paper2D/Content/' was aborted.
[2017.10.04-02.53.40:854][556]LogDirectoryWatcher: A directory notification for '../../../Engine/Plugins/Runtime/Oculus/OculusVR/Content/' was aborted.
[2017.10.04-02.53.40:855][556]LogDirectoryWatcher: A directory notification for '../../../Engine/Plugins/Runtime/Steam/SteamVR/Content/' was aborted.
[2017.10.04-02.53.40:948][556]LogExit: Object subsystem successfully closed.
[2017.10.04-02.53.40:972][556]LogD3D11RHI: Shutdown
[2017.10.04-02.53.40:972][556]LogD3D11RHI: CleanupD3DDevice
[2017.10.04-02.53.41:062][556]LogD3D11RHI: ~FD3D11DynamicRHI
[2017.10.04-02.53.41:095][556]LogModuleManager: Shutting down and abandoning module MovieSceneCapture (538)
[2017.10.04-02.53.41:095][556]LogModuleManager: Shutting down and abandoning module BlueprintGraph (536)
[2017.10.04-02.53.41:095][556]LogModuleManager: Shutting down and abandoning module BlueprintProfiler (534)
[2017.10.04-02.53.41:096][556]LogModuleManager: Shutting down and abandoning module HierarchicalLODOutliner (532)
[2017.10.04-02.53.41:096][556]LogModuleManager: Shutting down and abandoning module SceneOutliner (530)
[2017.10.04-02.53.41:096][556]LogModuleManager: Shutting down and abandoning module AddContentDialog (528)
[2017.10.04-02.53.41:096][556]LogDirectoryWatcher: A directory notification for 'C:/Program Files (x86)/Epic Games/UE_4.17/FeaturePacks/' was aborted.
[2017.10.04-02.53.41:101][556]LogModuleManager: Shutting down and abandoning module WidgetCarousel (527)
[2017.10.04-02.53.41:101][556]LogModuleManager: Shutting down and abandoning module EditorWidgets (524)
[2017.10.04-02.53.41:101][556]LogModuleManager: Shutting down and abandoning module CollectionManager (522)
[2017.10.04-02.53.41:101][556]LogDirectoryWatcher: A directory notification for 'C:/Users/Victor Weidar/Desktop/GameDev/UE4 - FPS/FPSTemplate/Content/Collections/' was aborted.
[2017.10.04-02.53.41:102][556]LogDirectoryWatcher: A directory notification for 'C:/Users/Victor Weidar/Desktop/GameDev/UE4 - FPS/FPSTemplate/Content/Developers/VictorWeidar/Collections/' was aborted.
[2017.10.04-02.53.41:102][556]LogDirectoryWatcher: A directory notification for 'C:/Users/Victor Weidar/Desktop/GameDev/UE4 - FPS/FPSTemplate/Saved/Collections/' was aborted.
[2017.10.04-02.53.41:102][556]LogModuleManager: Shutting down and abandoning module ExternalImagePicker (520)
[2017.10.04-02.53.41:102][556]LogModuleManager: Shutting down and abandoning module StatsViewer (518)
[2017.10.04-02.53.41:102][556]LogModuleManager: Shutting down and abandoning module FoliageEdit (516)
[2017.10.04-02.53.41:102][556]LogModuleManager: Shutting down and abandoning module LandscapeEditor (514)
[2017.10.04-02.53.41:102][556]LogModuleManager: Shutting down and abandoning module MeshPaintMode (512)
[2017.10.04-02.53.41:103][556]LogModuleManager: Shutting down and abandoning module SceneDepthPickerMode (510)
[2017.10.04-02.53.41:103][556]LogModuleManager: Shutting down and abandoning module ActorPickerMode (508)
[2017.10.04-02.53.41:103][556]LogModuleManager: Shutting down and abandoning module GeometryMode (506)
[2017.10.04-02.53.41:103][556]LogModuleManager: Shutting down and abandoning module TextureAlignMode (504)
[2017.10.04-02.53.41:103][556]LogModuleManager: Shutting down and abandoning module BspMode (502)
[2017.10.04-02.53.41:103][556]LogModuleManager: Shutting down and abandoning module PIEPreviewDeviceProfileSelector (500)
[2017.10.04-02.53.41:103][556]LogModuleManager: Shutting down and abandoning module HardwareSurvey (498)
[2017.10.04-02.53.41:103][556]LogModuleManager: Shutting down and abandoning module SequenceRecorderSections (496)
[2017.10.04-02.53.41:103][556]LogModuleManager: Shutting down and abandoning module AutomationWorker (494)
[2017.10.04-02.53.41:103][556]LogModuleManager: Shutting down and abandoning module MatineeToLevelSequence (492)
[2017.10.04-02.53.41:103][556]LogModuleManager: Shutting down and abandoning module LevelSequenceEditor (490)
[2017.10.04-02.53.41:103][556]LogModuleManager: Shutting down and abandoning module PlacementMode (489)
[2017.10.04-02.53.41:103][556]LogModuleManager: Shutting down and abandoning module WmfMediaFactory (486)
[2017.10.04-02.53.41:103][556]LogModuleManager: Shutting down and abandoning module WmfMediaEditor (484)
[2017.10.04-02.53.41:103][556]LogModuleManager: Shutting down and abandoning module AvfMediaFactory (482)
[2017.10.04-02.53.41:103][556]LogModuleManager: Shutting down and abandoning module AvfMediaEditor (480)
[2017.10.04-02.53.41:103][556]LogModuleManager: Shutting down and abandoning module AndroidMediaFactory (478)
[2017.10.04-02.53.41:103][556]LogModuleManager: Shutting down and abandoning module Media (477)
[2017.10.04-02.53.41:103][556]LogModuleManager: Shutting down and abandoning module AndroidMediaEditor (474)
[2017.10.04-02.53.41:103][556]LogModuleManager: Shutting down and abandoning module CharacterAI (472)
[2017.10.04-02.53.41:103][556]LogModuleManager: Shutting down and abandoning module AudioCapture (470)
[2017.10.04-02.53.41:103][556]LogModuleManager: Shutting down and abandoning module SequenceRecorder (469)
[2017.10.04-02.53.41:103][556]LogModuleManager: Shutting down and abandoning module SmartSnapping (466)
[2017.10.04-02.53.41:103][556]LogModuleManager: Shutting down and abandoning module SessionServices (464)
[2017.10.04-02.53.41:103][556]LogModuleManager: Shutting down and abandoning module ViewportSnapping (462)
[2017.10.04-02.53.41:103][556]LogModuleManager: Shutting down and abandoning module ViewportInteraction (460)
[2017.10.04-02.53.41:103][556]LogModuleManager: Shutting down and abandoning module ClothPainter (458)
[2017.10.04-02.53.41:103][556]LogModuleManager: Shutting down and abandoning module LogVisualizer (456)
[2017.10.04-02.53.41:103][556]LogModuleManager: Shutting down and abandoning module IntroTutorials (454)
[2017.10.04-02.53.41:104][556]LogModuleManager: Shutting down and abandoning module GameProjectGeneration (453)
[2017.10.04-02.53.41:104][556]LogModuleManager: Shutting down and abandoning module IOSPlatformEditor (450)
[2017.10.04-02.53.41:104][556]LogModuleManager: Shutting down and abandoning module HTML5PlatformEditor (448)
[2017.10.04-02.53.41:104][556]LogModuleManager: Shutting down and abandoning module AndroidPlatformEditor (446)
[2017.10.04-02.53.41:104][556]LogModuleManager: Shutting down and abandoning module AndroidDeviceDetection (445)
[2017.10.04-02.53.41:753][556]LogModuleManager: Shutting down and abandoning module WindowsPlatformEditor (442)
[2017.10.04-02.53.41:753][556]LogModuleManager: Shutting down and abandoning module IOSRuntimeSettings (440)
[2017.10.04-02.53.41:753][556]LogModuleManager: Shutting down and abandoning module AndroidRuntimeSettings (438)
[2017.10.04-02.53.41:753][556]LogModuleManager: Shutting down and abandoning module InputBindingEditor (436)
[2017.10.04-02.53.41:753][556]LogModuleManager: Shutting down and abandoning module MergeActors (434)
[2017.10.04-02.53.41:753][556]LogModuleManager: Shutting down and abandoning module SizeMap (432)
[2017.10.04-02.53.41:753][556]LogModuleManager: Shutting down and abandoning module TreeMap (430)
[2017.10.04-02.53.41:754][556]LogModuleManager: Shutting down and abandoning module ReferenceViewer (428)
[2017.10.04-02.53.41:754][556]LogModuleManager: Shutting down and abandoning module LocalizationDashboard (426)
[2017.10.04-02.53.41:754][556]LogModuleManager: Shutting down and abandoning module LocalizationService (425)
[2017.10.04-02.53.41:754][556]LogModuleManager: Shutting down and abandoning module HardwareTargeting (422)
[2017.10.04-02.53.41:754][556]LogModuleManager: Shutting down and abandoning module DeviceProfileEditor (420)
[2017.10.04-02.53.41:754][556]LogModuleManager: Shutting down and abandoning module UndoHistory (418)
[2017.10.04-02.53.41:754][556]LogModuleManager: Shutting down and abandoning module XmlParser (416)
[2017.10.04-02.53.41:754][556]LogModuleManager: Shutting down and abandoning module Blutility (414)
[2017.10.04-02.53.41:754][556]LogModuleManager: Shutting down and abandoning module ProjectSettingsViewer (412)
[2017.10.04-02.53.41:754][556]LogModuleManager: Shutting down and abandoning module ProjectTargetPlatformEditor (411)
[2017.10.04-02.53.41:754][556]LogModuleManager: Shutting down and abandoning module EditorSettingsViewer (408)
[2017.10.04-02.53.41:754][556]LogModuleManager: Shutting down and abandoning module SettingsEditor (406)
[2017.10.04-02.53.41:754][556]LogModuleManager: Shutting down and abandoning module ProjectLauncher (404)
[2017.10.04-02.53.41:754][556]LogModuleManager: Shutting down and abandoning module SessionFrontend (402)
[2017.10.04-02.53.41:754][556]LogModuleManager: Shutting down and abandoning module ProfilerClient (400)
[2017.10.04-02.53.41:754][556]LogModuleManager: Shutting down and abandoning module DeviceManager (398)
[2017.10.04-02.53.41:754][556]LogModuleManager: Shutting down and abandoning module TargetDeviceServices (397)
[2017.10.04-02.53.41:808][556]LogModuleManager: Shutting down and abandoning module AutomationController (394)
[2017.10.04-02.53.41:808][556]LogModuleManager: Shutting down and abandoning module AutomationWindow (392)
[2017.10.04-02.53.41:808][556]LogModuleManager: Shutting down and abandoning module Layers (390)
[2017.10.04-02.53.41:808][556]LogModuleManager: Shutting down and abandoning module ComponentVisualizers (388)
[2017.10.04-02.53.41:808][556]LogModuleManager: Shutting down and abandoning module DetailCustomizations (386)
[2017.10.04-02.53.41:808][556]LogModuleManager: Shutting down and abandoning module PackagesDialog (384)
[2017.10.04-02.53.41:808][556]LogModuleManager: Shutting down and abandoning module Persona (382)
[2017.10.04-02.53.41:808][556]LogModuleManager: Shutting down and abandoning module AdvancedPreviewScene (381)
[2017.10.04-02.53.41:808][556]LogModuleManager: Shutting down and abandoning module AnimGraph (379)
[2017.10.04-02.53.41:808][556]LogModuleManager: Shutting down and abandoning module Kismet (376)
[2017.10.04-02.53.41:815][556]LogModuleManager: Shutting down and abandoning module ClassViewer (374)
[2017.10.04-02.53.41:817][556]LogModuleManager: Shutting down and abandoning module Toolbox (372)
[2017.10.04-02.53.41:817][556]LogModuleManager: Shutting down and abandoning module ModuleUI (370)
[2017.10.04-02.53.41:817][556]LogModuleManager: Shutting down and abandoning module MovieSceneTools (368)
[2017.10.04-02.53.41:817][556]LogModuleManager: Shutting down and abandoning module OutputLog (366)
[2017.10.04-02.53.41:817][556]LogModuleManager: Shutting down and abandoning module GammaUI (364)
[2017.10.04-02.53.41:817][556]LogModuleManager: Shutting down and abandoning module Documentation (362)
[2017.10.04-02.53.41:817][556]LogModuleManager: Shutting down and abandoning module MovieSceneTracks (360)
[2017.10.04-02.53.41:817][556]LogModuleManager: Shutting down and abandoning module MovieScene (358)
[2017.10.04-02.53.41:817][556]LogModuleManager: Shutting down and abandoning module Niagara (356)
[2017.10.04-02.53.41:817][556]LogModuleManager: Shutting down and abandoning module NiagaraEditor (355)
[2017.10.04-02.53.41:817][556]LogModuleManager: Shutting down and abandoning module StreamingPauseRendering (352)
[2017.10.04-02.53.41:817][556]LogModuleManager: Shutting down and abandoning module LauncherPlatform (350)
[2017.10.04-02.53.41:817][556]LogModuleManager: Shutting down and abandoning module AnalyticsET (348)
[2017.10.04-02.53.41:817][556]LogModuleManager: Shutting down and abandoning module PortalServices (346)
[2017.10.04-02.53.41:817][556]LogModuleManager: Shutting down and abandoning module PortalRpc (344)
[2017.10.04-02.53.41:817][556]LogModuleManager: Shutting down and abandoning module MessagingRpc (342)
[2017.10.04-02.53.41:817][556]LogModuleManager: Shutting down and abandoning module AIModule (340)
[2017.10.04-02.53.41:817][556]LogModuleManager: Shutting down and abandoning module GameplayDebugger (339)
[2017.10.04-02.53.41:817][556]LogModuleManager: Shutting down and abandoning module AITestSuite (337)
[2017.10.04-02.53.41:817][556]LogModuleManager: Shutting down and abandoning module ProfilerService (334)
[2017.10.04-02.53.41:897][556]LogModuleManager: Shutting down and abandoning module TaskGraph (332)
[2017.10.04-02.53.41:897][556]LogModuleManager: Shutting down and abandoning module SteamVRController (330)
[2017.10.04-02.53.41:897][556]LogModuleManager: Shutting down and abandoning module ProceduralMeshComponentEditor (328)
[2017.10.04-02.53.41:897][556]LogModuleManager: Shutting down and abandoning module ProceduralMeshComponent (326)
[2017.10.04-02.53.41:897][556]LogModuleManager: Shutting down and abandoning module OculusInput (324)
[2017.10.04-02.53.41:897][556]LogModuleManager: Shutting down and abandoning module MobilePatchingUtils (322)
[2017.10.04-02.53.41:897][556]LogModuleManager: Shutting down and abandoning module CustomMeshComponent (320)
[2017.10.04-02.53.41:897][556]LogModuleManager: Shutting down and abandoning module CableComponent (318)
[2017.10.04-02.53.41:897][556]LogModuleManager: Shutting down and abandoning module ArchVisCharacter (316)
[2017.10.04-02.53.41:897][556]LogModuleManager: Shutting down and abandoning module AndroidPermission (314)
[2017.10.04-02.53.41:897][556]LogModuleManager: Shutting down and abandoning module MediaPlayerEditor (310)
[2017.10.04-02.53.41:897][556]LogModuleManager: Shutting down and abandoning module HTML5Networking (308)
[2017.10.04-02.53.41:897][556]LogModuleManager: Shutting down and abandoning module AlembicImporter (306)
[2017.10.04-02.53.41:897][556]LogModuleManager: Shutting down and abandoning module AlembicLibrary (305)
[2017.10.04-02.53.41:897][556]LogModuleManager: Shutting down and abandoning module GeometryCache (304)
[2017.10.04-02.53.41:897][556]LogModuleManager: Shutting down and abandoning module GeometryCacheEd (303)
[2017.10.04-02.53.41:897][556]LogModuleManager: Shutting down and abandoning module SpeedTreeImporter (298)
[2017.10.04-02.53.41:897][556]LogModuleManager: Shutting down and abandoning module PluginBrowser (296)
[2017.10.04-02.53.41:897][556]LogModuleManager: Shutting down and abandoning module MobileLauncherProfileWizard (294)
[2017.10.04-02.53.41:897][556]LogModuleManager: Shutting down and abandoning module VisualStudioSourceCodeAccess (292)
[2017.10.04-02.53.41:897][556]LogModuleManager: Shutting down and abandoning module DesktopPlatform (291)
[2017.10.04-02.53.41:897][556]LogModuleManager: Shutting down and abandoning module UObjectPlugin (288)
[2017.10.04-02.53.41:897][556]LogModuleManager: Shutting down and abandoning module SubversionSourceControl (286)
[2017.10.04-02.53.41:897][556]LogModuleManager: Shutting down and abandoning module PerforceSourceControl (284)
[2017.10.04-02.53.41:897][556]LogModuleManager: Shutting down and abandoning module GitSourceControl (282)
[2017.10.04-02.53.41:897][556]LogModuleManager: Shutting down and abandoning module SourceControl (281)
[2017.10.04-02.53.41:897][556]LogModuleManager: Shutting down and abandoning module LightPropagationVolumeEditor (278)
[2017.10.04-02.53.41:897][556]LogModuleManager: Shutting down and abandoning module PaperTiledImporter (276)
[2017.10.04-02.53.41:897][556]LogModuleManager: Shutting down and abandoning module PaperSpriteSheetImporter (274)
[2017.10.04-02.53.41:897][556]LogModuleManager: Shutting down and abandoning module Paper2DEditor (272)
[2017.10.04-02.53.41:897][556]LogModuleManager: Shutting down and abandoning module MeshPaint (271)
[2017.10.04-02.53.41:897][556]LogModuleManager: Shutting down and abandoning module LevelEditor (269)
[2017.10.04-02.53.41:898][556]LogModuleManager: Shutting down and abandoning module PixelInspectorModule (268)
[2017.10.04-02.53.41:898][556]LogModuleManager: Shutting down and abandoning module MainFrame (266)
[2017.10.04-02.53.41:898][556]LogModuleManager: Shutting down and abandoning module HotReload (265)
[2017.10.04-02.53.41:900][556]LogModuleManager: Shutting down and abandoning module RuntimePhysXCooking (260)
[2017.10.04-02.53.41:900][556]LogModuleManager: Shutting down and abandoning module PhysXVehiclesEditor (258)
[2017.10.04-02.53.41:900][556]LogModuleManager: Shutting down and abandoning module PhysXVehicles (256)
[2017.10.04-02.53.41:900][556]LogModuleManager: Shutting down and abandoning module OculusEditor (254)
[2017.10.04-02.53.41:900][556]LogModuleManager: Shutting down and abandoning module LocationServicesBPLibrary (252)
[2017.10.04-02.53.41:900][556]LogModuleManager: Shutting down and abandoning module ImmediatePhysicsEditor (250)
[2017.10.04-02.53.41:900][556]LogModuleManager: Shutting down and abandoning module ImmediatePhysics (248)
[2017.10.04-02.53.41:900][556]LogModuleManager: Shutting down and abandoning module UdpMessaging (246)
[2017.10.04-02.53.42:000][556]LogModuleManager: Shutting down and abandoning module TcpMessaging (244)
[2017.10.04-02.53.42:100][556]LogModuleManager: Shutting down and abandoning module GameplayTagsEditor (242)
[2017.10.04-02.53.42:100][556]LogModuleManager: Shutting down and abandoning module FacialAnimationEditor (240)
[2017.10.04-02.53.42:100][556]LogModuleManager: Shutting down and abandoning module FacialAnimation (238)
[2017.10.04-02.53.42:100][556]LogModuleManager: Shutting down and abandoning module AssetManagerEditor (236)
[2017.10.04-02.53.42:100][556]LogModuleManager: Shutting down and abandoning module GraphEditor (235)
[2017.10.04-02.53.42:100][556]LogModuleManager: Shutting down and abandoning module ContentBrowser (233)
[2017.10.04-02.53.42:101][556]LogModuleManager: Shutting down and abandoning module LightPropagationVolumeRuntime (230)
[2017.10.04-02.53.42:101][556]LogModuleManager: Shutting down and abandoning module Paper2D (228)
[2017.10.04-02.53.42:101][556]LogModuleManager: Shutting down and abandoning module WindowsMoviePlayer (226)
[2017.10.04-02.53.42:102][556]LogModuleManager: Shutting down and abandoning module WmfMedia (224)
[2017.10.04-02.53.42:102][556]LogModuleManager: Shutting down and abandoning module PacketHandler (222)
[2017.10.04-02.53.42:102][556]LogModuleManager: Shutting down and abandoning module ClothingSystemEditor (220)
[2017.10.04-02.53.42:102][556]LogModuleManager: Shutting down and abandoning module ClothingSystemRuntime (218)
[2017.10.04-02.53.42:102][556]LogModuleManager: Shutting down and abandoning module Overlay (216)
[2017.10.04-02.53.42:102][556]LogModuleManager: Shutting down and abandoning module OverlayEditor (215)
[2017.10.04-02.53.42:102][556]LogModuleManager: Shutting down and abandoning module MediaAssets (212)
[2017.10.04-02.53.42:102][556]LogModuleManager: Shutting down and abandoning module VREditor (210)
[2017.10.04-02.53.42:102][556]LogModuleManager: Shutting down and abandoning module StringTableEditor (208)
[2017.10.04-02.53.42:102][556]LogModuleManager: Shutting down and abandoning module GameplayTasksEditor (206)
[2017.10.04-02.53.42:102][556]LogModuleManager: Shutting down and abandoning module BehaviorTreeEditor (204)
[2017.10.04-02.53.42:102][556]LogModuleManager: Shutting down and abandoning module FunctionalTesting (202)
[2017.10.04-02.53.42:102][556]LogModuleManager: Shutting down and abandoning module CollisionAnalyzer (200)
[2017.10.04-02.53.42:102][556]LogModuleManager: Shutting down and abandoning module WorkspaceMenuStructure (199)
[2017.10.04-02.53.42:102][556]LogModuleManager: Shutting down and abandoning module UMG (196)
[2017.10.04-02.53.42:102][556]LogModuleManager: Shutting down and abandoning module UMGEditor (195)
[2017.10.04-02.53.42:102][556]LogModuleManager: Shutting down and abandoning module Sequencer (194)
[2017.10.04-02.53.42:102][556]LogModuleManager: Shutting down and abandoning module MessageLog (191)
[2017.10.04-02.53.42:102][556]LogModuleManager: Shutting down and abandoning module SlateReflector (186)
[2017.10.04-02.53.42:102][556]LogModuleManager: Shutting down and abandoning module Slate (184)
[2017.10.04-02.53.42:102][556]LogModuleManager: Shutting down and abandoning module EditorStyle (182)
[2017.10.04-02.53.42:105][556]LogModuleManager: Shutting down and abandoning module MRMesh (180)
[2017.10.04-02.53.42:105][556]LogModuleManager: Shutting down and abandoning module SourceCodeAccess (178)
[2017.10.04-02.53.42:106][556]LogModuleManager: Shutting down and abandoning module HeadMountedDisplay (176)
[2017.10.04-02.53.42:106][556]LogModuleManager: Shutting down and abandoning module XAudio2 (174)
[2017.10.04-02.53.42:106][556]LogModuleManager: Shutting down and abandoning module Networking (172)
[2017.10.04-02.53.42:106][556]LogModuleManager: Shutting down and abandoning module Core (168)
[2017.10.04-02.53.42:106][556]LogModuleManager: Shutting down and abandoning module KismetCompiler (164)
[2017.10.04-02.53.42:106][556]LogModuleManager: Shutting down and abandoning module LevelSequence (162)
[2017.10.04-02.53.42:106][556]LogModuleManager: Shutting down and abandoning module MeshUtilities (160)
[2017.10.04-02.53.42:106][556]LogModuleManager: Shutting down and abandoning module MeshMergeUtilities (159)
[2017.10.04-02.53.42:106][556]LogModuleManager: Shutting down and abandoning module MeshReductionInterface (158)
[2017.10.04-02.53.42:106][556]LogModuleManager: Shutting down and abandoning module SimplygonSwarm (157)
[2017.10.04-02.53.42:106][556]LogModuleManager: Shutting down and abandoning module SimplygonMeshReduction (155)
[2017.10.04-02.53.42:106][556]LogModuleManager: Shutting down and abandoning module QuadricMeshReduction (153)
[2017.10.04-02.53.42:106][556]LogModuleManager: Shutting down and abandoning module MaterialBaking (149)
[2017.10.04-02.53.42:106][556]LogModuleManager: Shutting down and abandoning module DirectoryWatcher (146)
[2017.10.04-02.53.42:106][556]LogModuleManager: Shutting down and abandoning module DerivedDataCache (144)
[2017.10.04-02.53.42:136][556]LogDerivedDataCache: Shutdown
[2017.10.04-02.53.42:136][556]LogModuleManager: Shutting down and abandoning module TargetPlatform (142)
[2017.10.04-02.53.42:136][556]LogModuleManager: Shutting down and abandoning module VulkanShaderFormat (141)
[2017.10.04-02.53.42:136][556]LogModuleManager: Shutting down and abandoning module ShaderFormatVectorVM (139)
[2017.10.04-02.53.42:136][556]LogModuleManager: Shutting down and abandoning module ShaderFormatOpenGL (137)
[2017.10.04-02.53.42:136][556]LogModuleManager: Shutting down and abandoning module ShaderFormatD3D (135)
[2017.10.04-02.53.42:136][556]LogModuleManager: Shutting down and abandoning module MetalShaderFormat (133)
[2017.10.04-02.53.42:136][556]LogModuleManager: Shutting down and abandoning module TextureFormatUncompressed (131)
[2017.10.04-02.53.42:136][556]LogModuleManager: Shutting down and abandoning module TextureFormatPVR (129)
[2017.10.04-02.53.42:136][556]LogModuleManager: Shutting down and abandoning module TextureFormatDXT (127)
[2017.10.04-02.53.42:136][556]LogModuleManager: Shutting down and abandoning module TextureFormatIntelISPCTexComp (125)
[2017.10.04-02.53.42:136][556]LogModuleManager: Shutting down and abandoning module TextureFormatASTC (123)
[2017.10.04-02.53.42:136][556]LogModuleManager: Shutting down and abandoning module ImageWrapper (122)
[2017.10.04-02.53.42:136][556]LogModuleManager: Shutting down and abandoning module TextureFormatAndroid (119)
[2017.10.04-02.53.42:136][556]LogModuleManager: Shutting down and abandoning module AudioFormatOpus (117)
[2017.10.04-02.53.42:136][556]LogModuleManager: Shutting down and abandoning module AudioFormatOgg (115)
[2017.10.04-02.53.42:136][556]LogModuleManager: Shutting down and abandoning module AudioFormatADPCM (113)
[2017.10.04-02.53.42:136][556]LogModuleManager: Shutting down and abandoning module LinuxTargetPlatform (111)
[2017.10.04-02.53.42:136][556]LogModuleManager: Shutting down and abandoning module LinuxServerTargetPlatform (109)
[2017.10.04-02.53.42:136][556]LogModuleManager: Shutting down and abandoning module LinuxNoEditorTargetPlatform (107)
[2017.10.04-02.53.42:136][556]LogModuleManager: Shutting down and abandoning module LinuxClientTargetPlatform (105)
[2017.10.04-02.53.42:136][556]LogModuleManager: Shutting down and abandoning module TVOSTargetPlatform (103)
[2017.10.04-02.53.42:136][556]LogModuleManager: Shutting down and abandoning module Messaging (101)
[2017.10.04-02.53.42:137][556]LogModuleManager: Shutting down and abandoning module IOSTargetPlatform (99)
[2017.10.04-02.53.42:137][556]LogModuleManager: Shutting down and abandoning module HTML5TargetPlatform (97)
[2017.10.04-02.53.42:137][556]LogModuleManager: Shutting down and abandoning module Android_PVRTCTargetPlatform (95)
[2017.10.04-02.53.42:137][556]LogModuleManager: Shutting down and abandoning module Android_MultiTargetPlatform (93)
[2017.10.04-02.53.42:137][556]LogModuleManager: Shutting down and abandoning module Android_ETC2TargetPlatform (91)
[2017.10.04-02.53.42:137][556]LogModuleManager: Shutting down and abandoning module Android_ETC1TargetPlatform (89)
[2017.10.04-02.53.42:137][556]LogModuleManager: Shutting down and abandoning module Android_DXTTargetPlatform (87)
[2017.10.04-02.53.42:137][556]LogModuleManager: Shutting down and abandoning module Android_ATCTargetPlatform (85)
[2017.10.04-02.53.42:137][556]LogModuleManager: Shutting down and abandoning module Android_ASTCTargetPlatform (83)
[2017.10.04-02.53.42:137][556]LogModuleManager: Shutting down and abandoning module AndroidTargetPlatform (81)
[2017.10.04-02.53.42:137][556]LogModuleManager: Shutting down and abandoning module WindowsTargetPlatform (79)
[2017.10.04-02.53.42:137][556]LogModuleManager: Shutting down and abandoning module WindowsServerTargetPlatform (77)
[2017.10.04-02.53.42:137][556]LogModuleManager: Shutting down and abandoning module WindowsNoEditorTargetPlatform (75)
[2017.10.04-02.53.42:137][556]LogModuleManager: Shutting down and abandoning module WindowsClientTargetPlatform (73)
[2017.10.04-02.53.42:137][556]LogModuleManager: Shutting down and abandoning module MacTargetPlatform (71)
[2017.10.04-02.53.42:137][556]LogModuleManager: Shutting down and abandoning module MacServerTargetPlatform (69)
[2017.10.04-02.53.42:137][556]LogModuleManager: Shutting down and abandoning module MacNoEditorTargetPlatform (67)
[2017.10.04-02.53.42:137][556]LogModuleManager: Shutting down and abandoning module MacClientTargetPlatform (65)
[2017.10.04-02.53.42:137][556]LogModuleManager: Shutting down and abandoning module AllDesktopTargetPlatform (63)
[2017.10.04-02.53.42:137][556]LogModuleManager: Shutting down and abandoning module InputCore (60)
[2017.10.04-02.53.42:137][556]LogModuleManager: Shutting down and abandoning module Settings (58)
[2017.10.04-02.53.42:137][556]LogModuleManager: Shutting down and abandoning module PhysXCooking (56)
[2017.10.04-02.53.42:137][556]LogModuleManager: Shutting down and abandoning module SteamVR (54)
[2017.10.04-02.53.42:137][556]LogModuleManager: Shutting down and abandoning module OculusHMD (52)
[2017.10.04-02.53.42:137][556]LogModuleManager: Shutting down and abandoning module ExampleDeviceProfileSelector (50)
[2017.10.04-02.53.42:137][556]LogModuleManager: Shutting down and abandoning module OnlineBlueprintSupport (48)
[2017.10.04-02.53.42:137][556]LogModuleManager: Shutting down and abandoning module OnlineSubsystem (44)
[2017.10.04-02.53.42:137][556]LogOnline: Display: Unloading online subsystem: NULL
[2017.10.04-02.53.42:137][556]LogModuleManager: Shutting down and abandoning module XMPP (43)
[2017.10.04-02.53.42:137][556]LogModuleManager: Shutting down and abandoning module HTTP (41)
[2017.10.04-02.53.42:137][556]LogHttp: Display: Http module shutting down, but needs to wait on 1 outstanding Http requests:
[2017.10.04-02.53.42:137][556]LogHttp: Display: 	verb=[POST] url=[https://datarouter.ol.epicgames.com/datarouter/api/v1/public/data?SessionID=%7B51C361CB-435A-B9AE-7AF3-E3A614BFE8F7%7D&AppID=UEEditor.Rocket.Release&AppVersion=4.17.2-3658906%2B%2B%2BUE4%2BRelease-4.17&UserID=52c09b674ff570e465a91c84e5b3e90a%7C576142a7ce4e41a4a4c4bf69e2f1ce98%7C644e0ae4-f221-42dd-b828-8b6eaba0659c&AppEnvironment=datacollector-binary&UploadType=eteventstream] status=Processing
[2017.10.04-02.53.42:164][556]LogModuleManager: Shutting down and abandoning module SSL (40)
[2017.10.04-02.53.42:166][556]LogModuleManager: Shutting down and abandoning module AnimationModifiers (36)
[2017.10.04-02.53.42:166][556]LogModuleManager: Shutting down and abandoning module PropertyEditor (35)
[2017.10.04-02.53.42:166][556]LogModuleManager: Shutting down and abandoning module AudioEditor (32)
[2017.10.04-02.53.42:166][556]LogModuleManager: Shutting down and abandoning module TextureCompressor (30)
[2017.10.04-02.53.42:166][556]LogModuleManager: Shutting down and abandoning module ShaderCore (28)
[2017.10.04-02.53.42:166][556]LogModuleManager: Shutting down and abandoning module Landscape (26)
[2017.10.04-02.53.42:166][556]LogModuleManager: Shutting down and abandoning module SlateRHIRenderer (24)
[2017.10.04-02.53.42:167][556]LogModuleManager: Shutting down and abandoning module OpenGLDrv (22)
[2017.10.04-02.53.42:167][556]LogModuleManager: Shutting down and abandoning module D3D11RHI (20)
[2017.10.04-02.53.42:167][556]LogModuleManager: Shutting down and abandoning module AnimGraphRuntime (18)
[2017.10.04-02.53.42:167][556]LogModuleManager: Shutting down and abandoning module Renderer (16)
[2017.10.04-02.53.42:167][556]LogModuleManager: Shutting down and abandoning module Engine (14)
[2017.10.04-02.53.42:167][556]LogModuleManager: Shutting down and abandoning module CoreUObject (12)
[2017.10.04-02.53.42:167][556]LogModuleManager: Shutting down and abandoning module NetworkFile (10)
[2017.10.04-02.53.42:167][556]LogModuleManager: Shutting down and abandoning module CookedIterativeFile (8)
[2017.10.04-02.53.42:167][556]LogModuleManager: Shutting down and abandoning module StreamingFile (6)
[2017.10.04-02.53.42:167][556]LogModuleManager: Shutting down and abandoning module SandboxFile (4)
[2017.10.04-02.53.42:167][556]LogModuleManager: Shutting down and abandoning module PakFile (2)
[2017.10.04-02.53.42:171][556]LogExit: Exiting.
[2017.10.04-02.53.42:184][556]Log file closed, 10/04/17 12:53:42
